Removed Pin From Net: NetName=M0_SNA Pin=CN2_1-5
Removed Pin From Net: NetName=M0_SNA Pin=CN2_1-6
Removed Pin From Net: NetName=DGND Pin=H2_1-7
Removed Pin From Net: NetName=DGND Pin=U1_1-5
Removed Pin From Net: NetName=State_LED Pin=U3_1-10
Removed Pin From Net: NetName=nFAULT Pin=U3_1-11
Change Component Designator: OldDesignator=C1_1 NewDesignator=C1
Change Component Designator: OldDesignator=C2_1 NewDesignator=C2
Change Component Designator: OldDesignator=C3_1 NewDesignator=C3
Change Component Designator: OldDesignator=C4_1 NewDesignator=C4
Change Component Designator: OldDesignator=C5_1 NewDesignator=C5
Change Component Designator: OldDesignator=C6_1 NewDesignator=C6
Change Component Designator: OldDesignator=C7_1 NewDesignator=C7
Change Component Designator: OldDesignator=C8_1 NewDesignator=C8
Change Component Designator: OldDesignator=C9_1 NewDesignator=C9
Change Component Designator: OldDesignator=C10_1 NewDesignator=C10
Change Component Designator: OldDesignator=C11_1 NewDesignator=C11
Change Component Designator: OldDesignator=C12_1 NewDesignator=C12
Change Component Designator: OldDesignator=C13_1 NewDesignator=C13
Change Component Designator: OldDesignator=C14_1 NewDesignator=C14
Change Component Designator: OldDesignator=C15_1 NewDesignator=C15
Change Component Designator: OldDesignator=C16_1 NewDesignator=C16
Change Component Designator: OldDesignator=C17_1 NewDesignator=C17
Change Component Designator: OldDesignator=C18_1 NewDesignator=C18
Change Component Designator: OldDesignator=C19_1 NewDesignator=C19
Change Component Designator: OldDesignator=C20_1 NewDesignator=C20
Change Component Designator: OldDesignator=CN1_1 NewDesignator=CN1
Change Component Designator: OldDesignator=CN2_1 NewDesignator=CN2
Change Component Designator: OldDesignator=CN3_1 NewDesignator=CN3
Change Component Designator: OldDesignator=H1_1 NewDesignator=H1
Change Component Designator: OldDesignator=H2_1 NewDesignator=H2
Change Component Designator: OldDesignator=L1_1 NewDesignator=L1
Change Component Designator: OldDesignator=L2_1 NewDesignator=L2
Change Component Designator: OldDesignator=L3_1 NewDesignator=L3
Change Component Designator: OldDesignator=LED1_1 NewDesignator=LED1
Change Component Designator: OldDesignator=LED2_1 NewDesignator=LED2
Change Component Designator: OldDesignator=Q1_1 NewDesignator=Q1
Change Component Designator: OldDesignator=Q2_1 NewDesignator=Q2
Change Component Designator: OldDesignator=Q3_1 NewDesignator=Q3
Change Component Designator: OldDesignator=Q4_1 NewDesignator=Q4
Change Component Designator: OldDesignator=Q5_1 NewDesignator=Q5
Change Component Designator: OldDesignator=Q6_1 NewDesignator=Q6
Change Component Designator: OldDesignator=Q7_1 NewDesignator=Q7
Change Component Designator: OldDesignator=R1_1 NewDesignator=R1
Change Component Designator: OldDesignator=R2_1 NewDesignator=R2
Change Component Designator: OldDesignator=R3_1 NewDesignator=R3
Change Component Designator: OldDesignator=R4_1 NewDesignator=R4
Change Component Designator: OldDesignator=R5_1 NewDesignator=R5
Change Component Designator: OldDesignator=R6_1 NewDesignator=R6
Change Component Designator: OldDesignator=R7_1 NewDesignator=R7
Change Component Designator: OldDesignator=R8_1 NewDesignator=R8
Change Component Designator: OldDesignator=R9_1 NewDesignator=R9
Change Component Designator: OldDesignator=R10_1 NewDesignator=R10
Change Component Designator: OldDesignator=R11_1 NewDesignator=R11
Change Component Designator: OldDesignator=R12_1 NewDesignator=R12
Change Component Designator: OldDesignator=R13_1 NewDesignator=R13
Change Component Designator: OldDesignator=R14_1 NewDesignator=R14
Change Component Designator: OldDesignator=R15_1 NewDesignator=R15
Change Component Designator: OldDesignator=R16_1 NewDesignator=R16
Change Component Designator: OldDesignator=R17_1 NewDesignator=R17
Change Component Designator: OldDesignator=R18_1 NewDesignator=R18
Change Component Designator: OldDesignator=R19_1 NewDesignator=R19
Change Component Designator: OldDesignator=R20_1 NewDesignator=R20
Change Component Designator: OldDesignator=R21_1 NewDesignator=R21
Change Component Designator: OldDesignator=R22_1 NewDesignator=R22
Change Component Designator: OldDesignator=R23_1 NewDesignator=R23
Change Component Designator: OldDesignator=R24_1 NewDesignator=R24
Change Component Designator: OldDesignator=R25_1 NewDesignator=R25
Change Component Designator: OldDesignator=R26_1 NewDesignator=R26
Change Component Designator: OldDesignator=R27_1 NewDesignator=R27
Change Component Designator: OldDesignator=R28_1 NewDesignator=R28
Change Component Designator: OldDesignator=R29_1 NewDesignator=R29
Change Component Designator: OldDesignator=S1_1 NewDesignator=S1
Change Component Designator: OldDesignator=U1_1 NewDesignator=U1
Change Component Designator: OldDesignator=U2_1 NewDesignator=U2
Change Component Designator: OldDesignator=U3_1 NewDesignator=U3
Change Component Designator: OldDesignator=U4_1 NewDesignator=U4
Change Component Designator: OldDesignator=U5_1 NewDesignator=U5
Added Pin To Net: NetName=nFAULT Pin=U3-10
Added Pin To Net: NetName=State_LED Pin=U3-11
Added Member To Class: ClassName=FOC_DRV8323 Member=Component C1 100nF
Added Member To Class: ClassName=FOC_DRV8323 Member=Component C2 100nF
Added Member To Class: ClassName=FOC_DRV8323 Member=Component C3 100nF
Added Member To Class: ClassName=FOC_DRV8323 Member=Component C4 1uF
Added Member To Class: ClassName=FOC_DRV8323 Member=Component C5 100nF
Added Member To Class: ClassName=FOC_DRV8323 Member=Component C6 47nF
Added Member To Class: ClassName=FOC_DRV8323 Member=Component C7 100nF
Added Member To Class: ClassName=FOC_DRV8323 Member=Component C8 100nF
Added Member To Class: ClassName=FOC_DRV8323 Member=Component C9 100nF
Added Member To Class: ClassName=FOC_DRV8323 Member=Component C10 10uF
Added Member To Class: ClassName=FOC_DRV8323 Member=Component C11 10uF
Added Member To Class: ClassName=FOC_DRV8323 Member=Component C12 100nF
Added Member To Class: ClassName=FOC_DRV8323 Member=Component C13 10uF
Added Member To Class: ClassName=FOC_DRV8323 Member=Component C14 100nF
Added Member To Class: ClassName=FOC_DRV8323 Member=Component C15 10uF
Added Member To Class: ClassName=FOC_DRV8323 Member=Component C16 100nF
Added Member To Class: ClassName=FOC_DRV8323 Member=Component C17 1uF
Added Member To Class: ClassName=FOC_DRV8323 Member=Component C18 100nF
Added Member To Class: ClassName=FOC_DRV8323 Member=Component C19 100nF
Added Member To Class: ClassName=FOC_DRV8323 Member=Component C20 10uF
Added Member To Class: ClassName=FOC_DRV8323 Member=Component CN1 卧式CAN
Added Member To Class: ClassName=FOC_DRV8323 Member=Component CN2 卧式STLINK
Added Member To Class: ClassName=FOC_DRV8323 Member=Component CN3 XT30_1
Added Member To Class: ClassName=FOC_DRV8323 Member=Component H1 MR30-M
Added Member To Class: ClassName=FOC_DRV8323 Member=Component H2 卧式GH1.25 6PIN
Added Member To Class: ClassName=FOC_DRV8323 Member=Component L1 1008屏蔽电感
Added Member To Class: ClassName=FOC_DRV8323 Member=Component L2 1008屏蔽电感
Added Member To Class: ClassName=FOC_DRV8323 Member=Component L3 1008屏蔽电感
Added Member To Class: ClassName=FOC_DRV8323 Member=Component LED1 LED
Added Member To Class: ClassName=FOC_DRV8323 Member=Component LED2 LED
Added Member To Class: ClassName=FOC_DRV8323 Member=Component Q1 SS8050
Added Member To Class: ClassName=FOC_DRV8323 Member=Component Q2 IRF7480MTRPBF
Added Member To Class: ClassName=FOC_DRV8323 Member=Component Q3 IRF7480MTRPBF
Added Member To Class: ClassName=FOC_DRV8323 Member=Component Q4 IRF7480MTRPBF
Added Member To Class: ClassName=FOC_DRV8323 Member=Component Q5 IRF7480MTRPBF
Added Member To Class: ClassName=FOC_DRV8323 Member=Component Q6 IRF7480MTRPBF
Added Member To Class: ClassName=FOC_DRV8323 Member=Component Q7 IRF7480MTRPBF
Added Member To Class: ClassName=FOC_DRV8323 Member=Component R1 120Ω
Added Member To Class: ClassName=FOC_DRV8323 Member=Component R2 10K
Added Member To Class: ClassName=FOC_DRV8323 Member=Component R3 10K
Added Member To Class: ClassName=FOC_DRV8323 Member=Component R4 1K
Added Member To Class: ClassName=FOC_DRV8323 Member=Component R5 200k
Added Member To Class: ClassName=FOC_DRV8323 Member=Component R6 200k
Added Member To Class: ClassName=FOC_DRV8323 Member=Component R7 10K
Added Member To Class: ClassName=FOC_DRV8323 Member=Component R8 200k
Added Member To Class: ClassName=FOC_DRV8323 Member=Component R9 2K
Added Member To Class: ClassName=FOC_DRV8323 Member=Component R10 2KΩ
Added Member To Class: ClassName=FOC_DRV8323 Member=Component R11 2.2R
Added Member To Class: ClassName=FOC_DRV8323 Member=Component R12 2.2R
Added Member To Class: ClassName=FOC_DRV8323 Member=Component R13 2.2R
Added Member To Class: ClassName=FOC_DRV8323 Member=Component R14 10KΩ
Added Member To Class: ClassName=FOC_DRV8323 Member=Component R15 10KΩ
Added Member To Class: ClassName=FOC_DRV8323 Member=Component R16 0
Added Member To Class: ClassName=FOC_DRV8323 Member=Component R17 0
Added Member To Class: ClassName=FOC_DRV8323 Member=Component R18 2.2R
Added Member To Class: ClassName=FOC_DRV8323 Member=Component R19 2.2R
Added Member To Class: ClassName=FOC_DRV8323 Member=Component R20 2.2R
Added Member To Class: ClassName=FOC_DRV8323 Member=Component R21 10KΩ
Added Member To Class: ClassName=FOC_DRV8323 Member=Component R22 43KΩ
Added Member To Class: ClassName=FOC_DRV8323 Member=Component R23 232KΩ
Added Member To Class: ClassName=FOC_DRV8323 Member=Component R24 51KΩ
Added Member To Class: ClassName=FOC_DRV8323 Member=Component R25 0.001
Added Member To Class: ClassName=FOC_DRV8323 Member=Component R26 0.001
Added Member To Class: ClassName=FOC_DRV8323 Member=Component R27 0.001
Added Member To Class: ClassName=FOC_DRV8323 Member=Component R28 8.2KΩ
Added Member To Class: ClassName=FOC_DRV8323 Member=Component R29 51KΩ
Added Member To Class: ClassName=FOC_DRV8323 Member=Component S1 SW
Added Member To Class: ClassName=FOC_DRV8323 Member=Component U1 SN65HVD1050DR
Added Member To Class: ClassName=FOC_DRV8323 Member=Component U2 DRV8323HRTAR
Added Member To Class: ClassName=FOC_DRV8323 Member=Component U3 STM32G431KBU3
Added Member To Class: ClassName=FOC_DRV8323 Member=Component U4 MP9943
Added Member To Class: ClassName=FOC_DRV8323 Member=Component U5 TLV62569DBVR
