Removed Pin From Net: NetName=M0_GH_A Pin=R13-2
Removed Pin From Net: NetName=M0_GH_B Pin=R14-2
Removed Pin From Net: NetName=M0_GH_C Pin=R15-2
Removed Pin From Net: NetName=M0_GL_A Pin=R16-2
Removed Pin From Net: NetName=M0_GL_B Pin=R17-2
Removed Pin From Net: NetName=M0_GL_C Pin=R18-2
Removed Member From Class: ClassName=FOC_DRV8323 Member=C17
Removed Member From Class: ClassName=FOC_DRV8323 Member=C18
Removed Member From Class: ClassName=FOC_DRV8323 Member=C19
Removed Member From Class: ClassName=FOC_DRV8323 Member=R13
Removed Member From Class: ClassName=FOC_DRV8323 Member=R14
Removed Member From Class: ClassName=FOC_DRV8323 Member=R15
Removed Member From Class: ClassName=FOC_DRV8323 Member=R16
Removed Member From Class: ClassName=FOC_DRV8323 Member=R17
Removed Member From Class: ClassName=FOC_DRV8323 Member=R18
Added Pin To Net: NetName=M0_GH_A Pin=D1-1
Added Pin To Net: NetName=M0_GH_B Pin=D2-1
Added Pin To Net: NetName=M0_GH_C Pin=D3-1
Added Pin To Net: NetName=M0_GL_A Pin=D4-1
Added Pin To Net: NetName=M0_GL_B Pin=D5-1
Added Pin To Net: NetName=M0_GL_C Pin=D6-1
Added Member To Class: ClassName=FOC_DRV8323 Member=Component C7 10uF
Added Member To Class: ClassName=FOC_DRV8323 Member=Component C8 10uF
Added Member To Class: ClassName=FOC_DRV8323 Member=Component C9 10uF
