Removed Member From Class: ClassName=FOC_STM32G431 Member=R18
Change Footprint: Footprint Not Found 邮票孔6P加大
Add Component: Footprint Not Found 邮票孔6P加大
Add Pin To Net: Unknown Pin: Pin Q2-2
Add Pin To Net: Unknown Pin: Pin U6-1
Add Pin To Net: Unknown Pin: Pin U6-2
Add Pin To Net: Unknown Pin: Pin U6-3
Add Pin To Net: Unknown Pin: Pin U6-4
Add Pin To Net: Unknown Pin: Pin U6-5
Add Pin To Net: Unknown Pin: Pin U6-6
Add Pin To Net: Unknown Pin: Pin U8-2
Added Member To Class: ClassName=FOC_DRV8323 Member=Component C1 100nF
Added Member To Class: ClassName=FOC_DRV8323 Member=Component C2 1uF
Added Member To Class: ClassName=FOC_DRV8323 Member=Component C3 47nF
Added Member To Class: ClassName=FOC_DRV8323 Member=Component C4 10uF
Added Member To Class: ClassName=FOC_DRV8323 Member=Component C5 10uF
Added Member To Class: ClassName=FOC_DRV8323 Member=Component C6 10uF
Added Member To Class: ClassName=FOC_STM32G431 Member=Component C10 100nF
Added Member To Class: ClassName=FOC_STM32G431 Member=Component C11 100nF
Added Member To Class: ClassName=FOC_DRV8323 Member=Component CN1 XT30_1
Added Member To Class: ClassName=FOC_STM32G431 Member=Component CN3 卧式STLINK
Added Member To Class: ClassName=FOC_DRV8323 Member=Component R4 200k
Added Member To Class: ClassName=FOC_DRV8323 Member=Component R5 0
Added Member To Class: ClassName=FOC_DRV8323 Member=Component R8 0
Added Member To Class: ClassName=FOC_DRV8323 Member=Component R11 0
Added Member To Class: ClassName=FOC_DRV8323 Member=Component R12 200k
Added Member To Class: ClassName=FOC_DRV8323 Member=Component R13 2.2R
Added Member To Class: ClassName=FOC_DRV8323 Member=Component R14 2.2R
Added Member To Class: ClassName=FOC_DRV8323 Member=Component R15 2.2R
Added Member To Class: ClassName=FOC_DRV8323 Member=Component R16 2.2R
Added Member To Class: ClassName=FOC_DRV8323 Member=Component R17 2.2R
Added Member To Class: ClassName=FOC_DRV8323 Member=Component R19 0.004
Added Member To Class: ClassName=FOC_DRV8323 Member=Component R20 0.004
Added Member To Class: ClassName=FOC_DRV8323 Member=Component R21 0.004
Added Member To Class: ClassName=FOC_STM32G431 Member=Component R25 2KΩ
Added Member To Class: ClassName=FOC_STM32G431 Member=Component R26 2K
Added Member To Class: ClassName=FOC_STM32G431 Member=Component R27 10K
Add Class Member: Failed to add class member : Component U6 邮票孔6P加大
