Removed Pin From Net: NetName=M0_SOC__ Pin=U4-1
Removed Pin From Net: NetName=M0_SOC__ Pin=U4-1
Removed Pin From Net: NetName=M0_SOC__ Pin=U4-1
Removed Pin From Net: NetName=M0_SOB__ Pin=U4-2
Removed Pin From Net: NetName=M0_SOB__ Pin=U4-2
Removed Pin From Net: NetName=M0_SOB__ Pin=U4-2
Removed Pin From Net: NetName=M0_SOA__ Pin=U4-3
Removed Pin From Net: NetName=M0_SOA__ Pin=U4-3
Removed Pin From Net: NetName=M0_SOA__ Pin=U4-3
Removed Pin From Net: NetName=nFAULT__ Pin=U4-4
Removed Pin From Net: NetName=nFAULT__ Pin=U4-4
Removed Pin From Net: NetName=nFAULT__ Pin=U4-4
Removed Pin From Net: NetName=ENABLE__ Pin=U4-5
Removed Pin From Net: NetName=ENABLE__ Pin=U4-5
Removed Pin From Net: NetName=ENABLE__ Pin=U4-5
Removed Pin From Net: NetName=CAL__ Pin=U4-6
Removed Pin From Net: NetName=CAL__ Pin=U4-6
Removed Pin From Net: NetName=CAL__ Pin=U4-6
Add Pin To Net: Unknown Pin: Pin Q2-2
Added Pin To Net: NetName=CAL__ Pin=U4-1
Added Pin To Net: NetName=CAL__ Pin=U4-1
Added Pin To Net: NetName=CAL__ Pin=U4-1
Added Pin To Net: NetName=ENABLE__ Pin=U4-2
Added Pin To Net: NetName=ENABLE__ Pin=U4-2
Added Pin To Net: NetName=ENABLE__ Pin=U4-2
Added Pin To Net: NetName=nFAULT__ Pin=U4-3
Added Pin To Net: NetName=nFAULT__ Pin=U4-3
Added Pin To Net: NetName=nFAULT__ Pin=U4-3
Added Pin To Net: NetName=M0_SOA__ Pin=U4-4
Added Pin To Net: NetName=M0_SOA__ Pin=U4-4
Added Pin To Net: NetName=M0_SOA__ Pin=U4-4
Added Pin To Net: NetName=M0_SOB__ Pin=U4-5
Added Pin To Net: NetName=M0_SOB__ Pin=U4-5
Added Pin To Net: NetName=M0_SOB__ Pin=U4-5
Added Pin To Net: NetName=M0_SOC__ Pin=U4-6
Added Pin To Net: NetName=M0_SOC__ Pin=U4-6
Added Pin To Net: NetName=M0_SOC__ Pin=U4-6
Add Pin To Net: Unknown Pin: Pin U8-2
