Removed Pin From Net: NetName=M0_SNA Pin=C13-1
Removed Pin From Net: NetName=M0_SNA Pin=C14-1
Removed Pin From Net: NetName=M0_SNA Pin=C15-1
Removed Pin From Net: NetName=M0_SNA Pin=C16-1
Removed Pin From Net: NetName=M0_SNA Pin=Q2-1
Removed Pin From Net: NetName=AGND Pin=R31-1
Removed Pin From Net: NetName=M0_SNA Pin=R31-2
Removed Pin From Net: NetName=M0_SNA Pin=R32-1
Removed Pin From Net: NetName=M0_SNA Pin=U8-2
Removed Member From Class: ClassName=FOC_STM32G431 Member=R31
Change Component Designator: OldDesignator=R19 NewDesignator=R20
Change Component Designator: OldDesignator=R20 NewDesignator=R21
Change Component Designator: OldDesignator=R21 NewDesignator=R22
Change Component Designator: OldDesignator=R22 NewDesignator=R23
Change Component Designator: OldDesignator=R23 NewDesignator=R24
Change Component Designator: OldDesignator=R24 NewDesignator=R25
Change Component Designator: OldDesignator=R25 NewDesignator=R26
Change Component Designator: OldDesignator=R26 NewDesignator=R27
Change Component Designator: OldDesignator=R27 NewDesignator=R28
Change Component Designator: OldDesignator=R28 NewDesignator=R29
Change Component Designator: OldDesignator=R29 NewDesignator=R30
Change Component Designator: OldDesignator=R30 NewDesignator=R31
Change Component Designator: OldDesignator=U6 NewDesignator=U7
Change Component Designator: OldDesignator=U7 NewDesignator=U6
Added Component: Designator=R19(R0402)
Add component (AddParameter): Name = "BOM_Manufacturer"; Value = "UniOhm"; VariantName = "[No Variations]"
Add component (AddParameter): Name = "BOM_Manufacturer Part"; Value = "0603WAJ022JT5E"; VariantName = "[No Variations]"
Add component (AddParameter): Name = "BOM_Supplier"; Value = "LCSC"; VariantName = "[No Variations]"
Add component (AddParameter): Name = "BOM_Supplier Part"; Value = "C25226"; VariantName = "[No Variations]"
Add component (AddParameter): Name = "nameAlias"; Value = "Value(¦¸)"; VariantName = "[No Variations]"
Add component (AddParameter): Name = "spicePre"; Value = "R"; VariantName = "[No Variations]"
Add component (AddParameter): Name = "spiceSymbolName"; Value = "Res_0603(1/10W)_EU"; VariantName = "[No Variations]"
Added Pin To Net: NetName=AGND Pin=R19-1
Added Pin To Net: NetName=M0_SNA Pin=R19-2
Change Net Name : Old Net Name=NetR23_2 New Net Name=NetR24_2
Added Pin To Net: NetName=PGND Pin=C13-1
Added Pin To Net: NetName=PGND Pin=C14-1
Added Pin To Net: NetName=PGND Pin=C15-1
Added Pin To Net: NetName=PGND Pin=C16-1
Added Pin To Net: NetName=PGND Pin=Q2-1
Added Pin To Net: NetName=PGND Pin=R32-1
Added Pin To Net: NetName=PGND Pin=U8-2
Added Net: Name=PGND
Added Member To Class: ClassName=FOC_DRV8323 Member=Component R22 0.004
