Removed Pin From Net: NetName=M0_SNA Pin=CN1-3
Removed Pin From Net: NetName=M0_SNA Pin=CN1-4
Removed Pin From Net: NetName=M0_SNA Pin=CN2-5
Removed Pin From Net: NetName=M0_SNA Pin=CN2-6
Removed Pin From Net: NetName=M0_SH_C Pin=H1-1
Removed Pin From Net: NetName=M0_SH_B Pin=H1-2
Removed Pin From Net: NetName=M0_SH_A Pin=H1-3
Removed Pin From Net: NetName=VCC Pin=H2-7
Removed Pin From Net: NetName=VCC Pin=H2-8
Removed Pin From Net: NetName=VCC Pin=Q2-2
Removed Pin From Net: NetName=VCC Pin=Q2-3
Removed Pin From Net: NetName=VCC Pin=Q2-4
Removed Pin From Net: NetName=VCC Pin=Q2-5
Removed Pin From Net: NetName=VCC Pin=Q2-6
Removed Pin From Net: NetName=M0_SH_A Pin=Q2-7
Removed Pin From Net: NetName=M0_SH_A Pin=Q2-8
Removed Pin From Net: NetName=M0_SH_A Pin=Q2-9
Removed Pin From Net: NetName=M0_SH_A Pin=Q2-10
Removed Pin From Net: NetName=VCC Pin=Q3-2
Removed Pin From Net: NetName=VCC Pin=Q3-3
Removed Pin From Net: NetName=VCC Pin=Q3-4
Removed Pin From Net: NetName=VCC Pin=Q3-5
Removed Pin From Net: NetName=VCC Pin=Q3-6
Removed Pin From Net: NetName=M0_SH_B Pin=Q3-7
Removed Pin From Net: NetName=M0_SH_B Pin=Q3-8
Removed Pin From Net: NetName=M0_SH_B Pin=Q3-9
Removed Pin From Net: NetName=M0_SH_B Pin=Q3-10
Removed Pin From Net: NetName=VCC Pin=Q4-2
Removed Pin From Net: NetName=VCC Pin=Q4-3
Removed Pin From Net: NetName=VCC Pin=Q4-4
Removed Pin From Net: NetName=VCC Pin=Q4-5
Removed Pin From Net: NetName=VCC Pin=Q4-6
Removed Pin From Net: NetName=M0_SH_C Pin=Q4-7
Removed Pin From Net: NetName=M0_SH_C Pin=Q4-8
Removed Pin From Net: NetName=M0_SH_C Pin=Q4-9
Removed Pin From Net: NetName=M0_SH_C Pin=Q4-10
Removed Pin From Net: NetName=M0_SPA Pin=R25-2
Removed Pin From Net: NetName=M0_SPB Pin=R26-2
Removed Pin From Net: NetName=M0_SPC Pin=R27-2
Removed Pin From Net: NetName=M0_SH_A Pin=U2-7
Removed Pin From Net: NetName=M0_SPA Pin=U2-9
Removed Pin From Net: NetName=M0_SPB Pin=U2-12
Removed Pin From Net: NetName=M0_SH_B Pin=U2-14
Removed Pin From Net: NetName=M0_SH_C Pin=U2-17
Removed Pin From Net: NetName=M0_SPC Pin=U2-19
Added Pin To Net: NetName=M0_SPC Pin=H1-1
Added Pin To Net: NetName=M0_SPB Pin=H1-2
Added Pin To Net: NetName=M0_SPA Pin=H1-3
Added Pin To Net: NetName=M0_SPA Pin=Q2-2
Added Pin To Net: NetName=M0_SPA Pin=Q2-3
Added Pin To Net: NetName=M0_SPA Pin=Q2-4
Added Pin To Net: NetName=M0_SPA Pin=Q2-5
Added Pin To Net: NetName=M0_SPA Pin=Q2-6
Added Pin To Net: NetName=VCC Pin=Q2-7
Added Pin To Net: NetName=VCC Pin=Q2-8
Added Pin To Net: NetName=VCC Pin=Q2-9
Added Pin To Net: NetName=VCC Pin=Q2-10
Added Pin To Net: NetName=M0_SPB Pin=Q3-2
Added Pin To Net: NetName=M0_SPB Pin=Q3-3
Added Pin To Net: NetName=M0_SPB Pin=Q3-4
Added Pin To Net: NetName=M0_SPB Pin=Q3-5
Added Pin To Net: NetName=M0_SPB Pin=Q3-6
Added Pin To Net: NetName=VCC Pin=Q3-7
Added Pin To Net: NetName=VCC Pin=Q3-8
Added Pin To Net: NetName=VCC Pin=Q3-9
Added Pin To Net: NetName=VCC Pin=Q3-10
Added Pin To Net: NetName=M0_SPC Pin=Q4-2
Added Pin To Net: NetName=M0_SPC Pin=Q4-3
Added Pin To Net: NetName=M0_SPC Pin=Q4-4
Added Pin To Net: NetName=M0_SPC Pin=Q4-5
Added Pin To Net: NetName=M0_SPC Pin=Q4-6
Added Pin To Net: NetName=M0_SH_A Pin=R25-2
Added Pin To Net: NetName=M0_SH_B Pin=R26-2
Added Pin To Net: NetName=M0_SH_C Pin=R27-2
Added Pin To Net: NetName=M0_SPA Pin=U2-7
Added Pin To Net: NetName=M0_SH_A Pin=U2-9
Added Pin To Net: NetName=M0_SH_B Pin=U2-12
Added Pin To Net: NetName=M0_SPB Pin=U2-14
Added Pin To Net: NetName=M0_SPC Pin=U2-17
Added Pin To Net: NetName=M0_SH_C Pin=U2-19
Change Net Name : Old Net Name=M0_SH_A New Net Name=M0_SPA
Change Net Name : Old Net Name=M0_SH_B New Net Name=M0_SPB
Change Net Name : Old Net Name=M0_SH_C New Net Name=M0_SPC
Change Net Name : Old Net Name=M0_SPA New Net Name=M0_SH_A
Change Net Name : Old Net Name=M0_SPB New Net Name=M0_SH_B
Change Net Name : Old Net Name=M0_SPC New Net Name=M0_SH_C
