Removed Pin From Net: NetName=DGND Pin=C1-1
Removed Pin From Net: NetName=5V Pin=C1-2
Removed Pin From Net: NetName=DGND Pin=C2-1
Removed Pin From Net: NetName=+3.3V Pin=C2-2
Removed Pin From Net: NetName=DGND Pin=C3-1
Removed Pin From Net: NetName=DGND Pin=C5-1
Removed Pin From Net: NetName=+3.3V Pin=C5-2
Removed Pin From Net: NetName=M0_SNA Pin=C12-1
Removed Pin From Net: NetName=VCC Pin=C12-2
Removed Pin From Net: NetName=5V Pin=C13-2
Removed Pin From Net: NetName=+3.3V Pin=C15-2
Removed Pin From Net: NetName=M0_SNA Pin=C17-1
Removed Pin From Net: NetName=5V Pin=C17-2
Removed Pin From Net: NetName=M0_SNA Pin=C18-1
Removed Pin From Net: NetName=+3.3V Pin=C19-1
Removed Pin From Net: NetName=CAN_P Pin=CN1-1
Removed Pin From Net: NetName=CAN_N Pin=CN1-2
Removed Pin From Net: NetName=+3.3V Pin=CN2-1
Removed Pin From Net: NetName=DGND Pin=CN2-2
Removed Pin From Net: NetName=SWCLK Pin=CN2-3
Removed Pin From Net: NetName=SWDIO Pin=CN2-4
Removed Pin From Net: NetName=DGND Pin=H2-7
Removed Pin From Net: NetName=NetC9_2 Pin=L2-1
Removed Pin From Net: NetName=5V Pin=L2-2
Removed Pin From Net: NetName=+3.3V Pin=L3-2
Removed Pin From Net: NetName=NetLED1_1 Pin=Q1-2
Removed Pin From Net: NetName=M0_SH_A Pin=Q2-2
Removed Pin From Net: NetName=M0_SH_A Pin=Q2-3
Removed Pin From Net: NetName=M0_SH_A Pin=Q2-4
Removed Pin From Net: NetName=M0_SH_A Pin=Q2-5
Removed Pin From Net: NetName=M0_SH_A Pin=Q2-6
Removed Pin From Net: NetName=VCC Pin=Q2-7
Removed Pin From Net: NetName=VCC Pin=Q2-8
Removed Pin From Net: NetName=VCC Pin=Q2-9
Removed Pin From Net: NetName=VCC Pin=Q2-10
Removed Pin From Net: NetName=M0_SH_B Pin=Q3-2
Removed Pin From Net: NetName=M0_SH_B Pin=Q3-3
Removed Pin From Net: NetName=M0_SH_B Pin=Q3-4
Removed Pin From Net: NetName=M0_SH_B Pin=Q3-5
Removed Pin From Net: NetName=M0_SH_B Pin=Q3-6
Removed Pin From Net: NetName=VCC Pin=Q3-7
Removed Pin From Net: NetName=VCC Pin=Q3-8
Removed Pin From Net: NetName=VCC Pin=Q3-9
Removed Pin From Net: NetName=VCC Pin=Q3-10
Removed Pin From Net: NetName=M0_SH_C Pin=Q4-2
Removed Pin From Net: NetName=M0_SH_C Pin=Q4-3
Removed Pin From Net: NetName=M0_SH_C Pin=Q4-4
Removed Pin From Net: NetName=M0_SH_C Pin=Q4-5
Removed Pin From Net: NetName=M0_SH_C Pin=Q4-6
Removed Pin From Net: NetName=VCC Pin=Q4-7
Removed Pin From Net: NetName=VCC Pin=Q4-8
Removed Pin From Net: NetName=VCC Pin=Q4-9
Removed Pin From Net: NetName=VCC Pin=Q4-10
Removed Pin From Net: NetName=M0_SPA Pin=Q5-2
Removed Pin From Net: NetName=M0_SPA Pin=Q5-3
Removed Pin From Net: NetName=M0_SPA Pin=Q5-4
Removed Pin From Net: NetName=M0_SPA Pin=Q5-5
Removed Pin From Net: NetName=M0_SPA Pin=Q5-6
Removed Pin From Net: NetName=M0_SH_A Pin=Q5-7
Removed Pin From Net: NetName=M0_SH_A Pin=Q5-8
Removed Pin From Net: NetName=M0_SH_A Pin=Q5-9
Removed Pin From Net: NetName=M0_SH_A Pin=Q5-10
Removed Pin From Net: NetName=M0_SPB Pin=Q6-2
Removed Pin From Net: NetName=M0_SPB Pin=Q6-3
Removed Pin From Net: NetName=M0_SPB Pin=Q6-4
Removed Pin From Net: NetName=M0_SPB Pin=Q6-5
Removed Pin From Net: NetName=M0_SPB Pin=Q6-6
Removed Pin From Net: NetName=M0_SH_B Pin=Q6-7
Removed Pin From Net: NetName=M0_SH_B Pin=Q6-8
Removed Pin From Net: NetName=M0_SH_B Pin=Q6-9
Removed Pin From Net: NetName=M0_SH_B Pin=Q6-10
Removed Pin From Net: NetName=M0_SPC Pin=Q7-2
Removed Pin From Net: NetName=M0_SPC Pin=Q7-3
Removed Pin From Net: NetName=M0_SPC Pin=Q7-4
Removed Pin From Net: NetName=M0_SPC Pin=Q7-5
Removed Pin From Net: NetName=M0_SPC Pin=Q7-6
Removed Pin From Net: NetName=M0_SH_C Pin=Q7-7
Removed Pin From Net: NetName=M0_SH_C Pin=Q7-8
Removed Pin From Net: NetName=M0_SH_C Pin=Q7-9
Removed Pin From Net: NetName=M0_SH_C Pin=Q7-10
Removed Pin From Net: NetName=CAN_P Pin=R1-1
Removed Pin From Net: NetName=CAN_N Pin=R1-2
Removed Pin From Net: NetName=DGND Pin=R2-1
Removed Pin From Net: NetName=VCC_ADC Pin=R3-1
Removed Pin From Net: NetName=VCC Pin=R3-2
Removed Pin From Net: NetName=DGND Pin=R4-1
Removed Pin From Net: NetName=VCC_ADC Pin=R4-2
Removed Pin From Net: NetName=+3.3V Pin=R5-1
Removed Pin From Net: NetName=VCC Pin=R6-2
Removed Pin From Net: NetName=+3.3V Pin=R7-1
Removed Pin From Net: NetName=+3.3V Pin=R9-1
Removed Pin From Net: NetName=NetLED2_1 Pin=R9-2
Removed Pin From Net: NetName=NetQ1_3 Pin=R10-1
Removed Pin From Net: NetName=+3.3V Pin=R10-2
Removed Pin From Net: NetName=+3.3V Pin=R14-1
Removed Pin From Net: NetName=SWDIO Pin=R14-2
Removed Pin From Net: NetName=SWCLK Pin=R15-1
Removed Pin From Net: NetName=DGND Pin=R15-2
Removed Pin From Net: NetName=AGND Pin=R16-1
Removed Pin From Net: NetName=M0_SNA Pin=R16-2
Removed Pin From Net: NetName=M0_SNA Pin=R17-1
Removed Pin From Net: NetName=DGND Pin=R17-2
Removed Pin From Net: NetName=VCC Pin=R21-1
Removed Pin From Net: NetName=5V Pin=R22-2
Removed Pin From Net: NetName=+3.3V Pin=R23-2
Removed Pin From Net: NetName=M0_SNA Pin=R28-1
Removed Pin From Net: NetName=M0_SNA Pin=R29-1
Removed Pin From Net: NetName=FDCAN_TX Pin=U1-1
Removed Pin From Net: NetName=DGND Pin=U1-2
Removed Pin From Net: NetName=5V Pin=U1-3
Removed Pin From Net: NetName=FDCAN_RX Pin=U1-4
Removed Pin From Net: NetName=DGND Pin=U1-5
Removed Pin From Net: NetName=CAN_N Pin=U1-6
Removed Pin From Net: NetName=CAN_P Pin=U1-7
Removed Pin From Net: NetName=DGND Pin=U1-8
Removed Pin From Net: NetName=+3.3V Pin=U2-24
Removed Pin From Net: NetName=AGND Pin=U2-26
Removed Pin From Net: NetName=DVDD Pin=U2-27
Removed Pin From Net: NetName=DVDD Pin=U2-28
Removed Pin From Net: NetName=DVDD Pin=U2-29
Removed Pin From Net: NetName=+3.3V Pin=U3-1
Removed Pin From Net: NetName=M0_CL Pin=U3-2
Removed Pin From Net: NetName=M0_SOA Pin=U3-5
Removed Pin From Net: NetName=M0_SOB Pin=U3-6
Removed Pin From Net: NetName=M0_SOC Pin=U3-7
Removed Pin From Net: NetName=VCC_ADC Pin=U3-8
Removed Pin From Net: NetName=CAL Pin=U3-9
Removed Pin From Net: NetName=nFAULT Pin=U3-10
Removed Pin From Net: NetName=State_LED Pin=U3-11
Removed Pin From Net: NetName=M0_AL Pin=U3-12
Removed Pin From Net: NetName=M0_BL Pin=U3-13
Removed Pin From Net: NetName=DGND Pin=U3-14
Removed Pin From Net: NetName=DGND Pin=U3-16
Removed Pin From Net: NetName=+3.3V Pin=U3-17
Removed Pin From Net: NetName=M0_AH Pin=U3-18
Removed Pin From Net: NetName=M0_BH Pin=U3-19
Removed Pin From Net: NetName=M0_CH Pin=U3-20
Removed Pin From Net: NetName=FDCAN_RX Pin=U3-21
Removed Pin From Net: NetName=FDCAN_TX Pin=U3-22
Removed Pin From Net: NetName=SWDIO Pin=U3-23
Removed Pin From Net: NetName=SWCLK Pin=U3-24
Removed Pin From Net: NetName=SPI_NSS Pin=U3-25
Removed Pin From Net: NetName=SPI_SCK Pin=U3-26
Removed Pin From Net: NetName=SPI_MISO Pin=U3-27
Removed Pin From Net: NetName=SPI_MOSI Pin=U3-28
Removed Pin From Net: NetName=DGND Pin=U3-32
Removed Pin From Net: NetName=DGND Pin=U3-33
Removed Pin From Net: NetName=M0_SNA Pin=U4-5
Removed Pin From Net: NetName=NetC9_2 Pin=U4-6
Removed Pin From Net: NetName=VCC Pin=U4-7
Removed Pin From Net: NetName=5V Pin=U5-1
Removed Pin From Net: NetName=M0_SNA Pin=U5-2
Removed Pin From Net: NetName=5V Pin=U5-4
Removed Member From Class: ClassName=FOC_DRV8323 Member=C7
Removed Member From Class: ClassName=FOC_DRV8323 Member=C8
Removed Member From Class: ClassName=FOC_DRV8323 Member=C9
Removed Member From Class: ClassName=FOC_DRV8323 Member=C10
Removed Member From Class: ClassName=FOC_DRV8323 Member=C11
Removed Member From Class: ClassName=FOC_DRV8323 Member=C12
Removed Member From Class: ClassName=FOC_DRV8323 Member=C13
Removed Member From Class: ClassName=FOC_DRV8323 Member=C14
Removed Member From Class: ClassName=FOC_DRV8323 Member=C15
Removed Member From Class: ClassName=FOC_DRV8323 Member=C16
Removed Member From Class: ClassName=FOC_DRV8323 Member=C17
Removed Member From Class: ClassName=FOC_DRV8323 Member=C18
Removed Member From Class: ClassName=FOC_DRV8323 Member=C19
Removed Member From Class: ClassName=FOC_DRV8323 Member=C20
Removed Member From Class: ClassName=FOC_DRV8323 Member=CN2
Removed Member From Class: ClassName=FOC_DRV8323 Member=CN3
Removed Member From Class: ClassName=FOC_DRV8323 Member=H2
Removed Member From Class: ClassName=FOC_DRV8323 Member=L1
Removed Member From Class: ClassName=FOC_DRV8323 Member=L2
Removed Member From Class: ClassName=FOC_DRV8323 Member=L3
Removed Member From Class: ClassName=FOC_DRV8323 Member=LED1
Removed Member From Class: ClassName=FOC_DRV8323 Member=LED2
Removed Member From Class: ClassName=FOC_DRV8323 Member=Q1
Removed Member From Class: ClassName=FOC_DRV8323 Member=Q2
Removed Member From Class: ClassName=FOC_DRV8323 Member=Q3
Removed Member From Class: ClassName=FOC_DRV8323 Member=Q4
Removed Member From Class: ClassName=FOC_DRV8323 Member=Q5
Removed Member From Class: ClassName=FOC_DRV8323 Member=Q6
Removed Member From Class: ClassName=FOC_DRV8323 Member=Q7
Removed Member From Class: ClassName=FOC_DRV8323 Member=R22
Removed Member From Class: ClassName=FOC_DRV8323 Member=R23
Removed Member From Class: ClassName=FOC_DRV8323 Member=R24
Removed Member From Class: ClassName=FOC_DRV8323 Member=R25
Removed Member From Class: ClassName=FOC_DRV8323 Member=R26
Removed Member From Class: ClassName=FOC_DRV8323 Member=R27
Removed Member From Class: ClassName=FOC_DRV8323 Member=R28
Removed Member From Class: ClassName=FOC_DRV8323 Member=R29
Removed Member From Class: ClassName=FOC_DRV8323 Member=S1
Removed Member From Class: ClassName=FOC_DRV8323 Member=U4
Removed Member From Class: ClassName=FOC_DRV8323 Member=U5
Change Component Footprint: Designator=C15 Old Footprint=1210 New Footprint=c0402
Change Component Footprint: Designator=C14 Old Footprint=c0402 New Footprint=1210
Change Component Footprint: Designator=C16 Old Footprint=c0402 New Footprint=1210
Change Component Footprint: Designator=CN2 Old Footprint=CONN-SMD_4P-P1.25_GH1.25-4P New Footprint=GH1.25 2P 卧式
Change Footprint: Footprint Not Found 邮票孔6P加大
Change Component Footprint: Designator=U1 Old Footprint=SOIC-8_L4.9-W3.9-P1.27-LS6.0-BL New Footprint=PCBComponent_1___pad
Change Component Footprint: Designator=U5 Old Footprint=SOT-23-5_L3.0-W1.7-P0.95-LS2.8-BR New Footprint=SOIC-8_L4.9-W3.9-P1.27-LS6.0-BL
Change Component Footprint: Designator=Q2 Old Footprint=TRS-SMD_IRF7480MTRPBF New Footprint=SOT-89-3_L4.5-W2.5-P1.50-LS4.2-BR
Change Component Footprint: Designator=U3 Old Footprint=UFQFPN-32_L5.0-W5.0-P0.50-BL-EP3.5 New Footprint=PCBComponent_1___pad
Change Component Comment : Designator=R25 Old Comment=0.001 New Comment=0.004
Change Component Comment : Designator=R26 Old Comment=0.001 New Comment=0.004
Change Component Comment : Designator=R27 Old Comment=0.001 New Comment=0.004
Change Component Comment : Designator=R9 Old Comment=2K New Comment=0
Change Component Comment : Designator=R10 Old Comment=2KΩ New Comment=0
Change Component Comment : Designator=R28 Old Comment=8.2KΩ New Comment=1K
Change Component Comment : Designator=R2 Old Comment=10K New Comment=0
Change Component Comment : Designator=R3 Old Comment=10K New Comment=0
Change Component Comment : Designator=R7 Old Comment=10K New Comment=0
Change Component Comment : Designator=C15 Old Comment=10uF New Comment=1uF
Change Component Comment : Designator=R22 Old Comment=43KΩ New Comment=120Ω
Change Component Comment : Designator=R24 Old Comment=51KΩ New Comment=10K
Change Component Comment : Designator=R29 Old Comment=51KΩ New Comment=10KΩ
Change Component Comment : Designator=C14 Old Comment=100nF New Comment=10uF
Change Component Comment : Designator=C16 Old Comment=100nF New Comment=10uF
Change Component Comment : Designator=R1 Old Comment=120Ω New Comment=0
Change Component Comment : Designator=R6 Old Comment=200k New Comment=0
Change Component Comment : Designator=R23 Old Comment=232KΩ New Comment=10K
Change Component Comment : Designator=Q2 Old Comment=IRF7480MTRPBF New Comment=AMS1117-3.3V_C5120796
Change Component Comment : Designator=U4 Old Comment=MP9943 New Comment=邮票孔6P加大
Change Component Comment : Designator=U1 Old Comment=SN65HVD1050DR New Comment=邮票孔6P加大
Change Component Comment : Designator=U3 Old Comment=STM32G431KBU3 New Comment=邮票孔6P加大
Change Component Comment : Designator=U5 Old Comment=TLV62569DBVR New Comment=SN65HVD1050DR
Change Component Comment : Designator=CN2 Old Comment=卧式STLINK New Comment=卧式CAN
Change Component Designator: OldDesignator=C4 NewDesignator=C2
Change Component Designator: OldDesignator=C6 NewDesignator=C3
Change Component Designator: OldDesignator=C10 NewDesignator=C5
Change Component Designator: OldDesignator=C11 NewDesignator=C6
Change Component Designator: OldDesignator=C19 NewDesignator=C1
Change Component Designator: OldDesignator=C20 NewDesignator=C4
Change Component Designator: OldDesignator=CN3 NewDesignator=CN1
Change Component Designator: OldDesignator=R5 NewDesignator=R4
Change Component Designator: OldDesignator=R8 NewDesignator=R12
Change Component Designator: OldDesignator=R11 NewDesignator=R13
Change Component Designator: OldDesignator=R12 NewDesignator=R14
Change Component Designator: OldDesignator=R13 NewDesignator=R15
Change Component Designator: OldDesignator=R18 NewDesignator=R16
Change Component Designator: OldDesignator=R19 NewDesignator=R17
Change Component Designator: OldDesignator=R20 NewDesignator=R18
Change Component Designator: OldDesignator=R25 NewDesignator=R19
Change Component Designator: OldDesignator=R26 NewDesignator=R20
Change Component Designator: OldDesignator=R27 NewDesignator=R21
Change component parameters: Designator = "CN2" ("CN2"); Footprint = "CONN-SMD_4P-P1.25_GH1.25-4P"; UniqueID = "\SMMWZPWO" ("\SMMWZPWO")
Change component parameters (AddParameter): Name = "LatestRevisionDate"; Value = "17-Jul-2002"; VariantName = "[No Variations]"
Change component parameters (AddParameter): Name = "LatestRevisionNote"; Value = "Re-released for DXP Platform."; VariantName = "[No Variations]"
Change component parameters (AddParameter): Name = "Publisher"; Value = "Altium Limited"; VariantName = "[No Variations]"
Change component parameters: Designator = "R1" ("R1"); Footprint = "R0402"; UniqueID = "\LDJBGTPN" ("\LDJBGTPN")
Change component parameters (AddParameter): Name = "BOM_Manufacturer"; Value = "UniOhm"; VariantName = "[No Variations]"
Change component parameters (AddParameter): Name = "BOM_Manufacturer Part"; Value = "0603WAJ022JT5E"; VariantName = "[No Variations]"
Change component parameters (AddParameter): Name = "BOM_Supplier"; Value = "LCSC"; VariantName = "[No Variations]"
Change component parameters (AddParameter): Name = "BOM_Supplier Part"; Value = "C25226"; VariantName = "[No Variations]"
Change component parameters (AddParameter): Name = "nameAlias"; Value = "Value(Ω)"; VariantName = "[No Variations]"
Change component parameters (AddParameter): Name = "spicePre"; Value = "R"; VariantName = "[No Variations]"
Change component parameters (AddParameter): Name = "spiceSymbolName"; Value = "Res_0603(1/10W)_EU"; VariantName = "[No Variations]"
Change component parameters: Designator = "R10" ("R10"); Footprint = "R0402"; UniqueID = "\GFYVWIFA" ("\GFYVWIFA")
Change component parameters (AddParameter): Name = "BOM_Manufacturer"; Value = "UniOhm"; VariantName = "[No Variations]"
Change component parameters (AddParameter): Name = "BOM_Manufacturer Part"; Value = "0603WAJ022JT5E"; VariantName = "[No Variations]"
Change component parameters (AddParameter): Name = "BOM_Supplier"; Value = "LCSC"; VariantName = "[No Variations]"
Change component parameters (AddParameter): Name = "BOM_Supplier Part"; Value = "C25226"; VariantName = "[No Variations]"
Change component parameters (AddParameter): Name = "nameAlias"; Value = "Value(Ω)"; VariantName = "[No Variations]"
Change component parameters (AddParameter): Name = "spicePre"; Value = "R"; VariantName = "[No Variations]"
Change component parameters (AddParameter): Name = "spiceSymbolName"; Value = "Res_0603(1/10W)_EU"; VariantName = "[No Variations]"
Change component parameters: Designator = "R23" ("R23"); Footprint = "R0402"; UniqueID = "\JOMUYEDS" ("\JOMUYEDS")
Change component parameters (AddParameter): Name = "BOM_Manufacturer"; Value = "UniOhm"; VariantName = "[No Variations]"
Change component parameters (AddParameter): Name = "BOM_Manufacturer Part"; Value = "0603WAJ022JT5E"; VariantName = "[No Variations]"
Change component parameters (AddParameter): Name = "BOM_Supplier"; Value = "LCSC"; VariantName = "[No Variations]"
Change component parameters (AddParameter): Name = "BOM_Supplier Part"; Value = "C25226"; VariantName = "[No Variations]"
Change component parameters (AddParameter): Name = "nameAlias"; Value = "Value(Ω)"; VariantName = "[No Variations]"
Change component parameters (AddParameter): Name = "spicePre"; Value = "R"; VariantName = "[No Variations]"
Change component parameters (AddParameter): Name = "spiceSymbolName"; Value = "Res_0603(1/10W)_EU"; VariantName = "[No Variations]"
Change component parameters: Designator = "R24" ("R24"); Footprint = "R0402"; UniqueID = "\LDXEBKPB" ("\LDXEBKPB")
Change component parameters (AddParameter): Name = "BOM_Manufacturer"; Value = "UniOhm"; VariantName = "[No Variations]"
Change component parameters (AddParameter): Name = "BOM_Manufacturer Part"; Value = "0603WAJ022JT5E"; VariantName = "[No Variations]"
Change component parameters (AddParameter): Name = "BOM_Supplier"; Value = "LCSC"; VariantName = "[No Variations]"
Change component parameters (AddParameter): Name = "BOM_Supplier Part"; Value = "C25226"; VariantName = "[No Variations]"
Change component parameters (AddParameter): Name = "nameAlias"; Value = "Value(Ω)"; VariantName = "[No Variations]"
Change component parameters (AddParameter): Name = "spicePre"; Value = "R"; VariantName = "[No Variations]"
Change component parameters (AddParameter): Name = "spiceSymbolName"; Value = "Res_0603(1/10W)_EU"; VariantName = "[No Variations]"
Change component parameters: Designator = "R28" ("R28"); Footprint = "R0402"; UniqueID = "\YCBIBQWL" ("\YCBIBQWL")
Change component parameters (AddParameter): Name = "BOM_Manufacturer"; Value = "UniOhm"; VariantName = "[No Variations]"
Change component parameters (AddParameter): Name = "BOM_Manufacturer Part"; Value = "0603WAJ022JT5E"; VariantName = "[No Variations]"
Change component parameters (AddParameter): Name = "BOM_Supplier"; Value = "LCSC"; VariantName = "[No Variations]"
Change component parameters (AddParameter): Name = "BOM_Supplier Part"; Value = "C25226"; VariantName = "[No Variations]"
Change component parameters (AddParameter): Name = "nameAlias"; Value = "Value(Ω)"; VariantName = "[No Variations]"
Change component parameters (AddParameter): Name = "spicePre"; Value = "R"; VariantName = "[No Variations]"
Change component parameters (AddParameter): Name = "spiceSymbolName"; Value = "Res_0603(1/10W)_EU"; VariantName = "[No Variations]"
Change component parameters: Designator = "U1" ("U1"); Footprint = "SOIC-8_L4.9-W3.9-P1.27-LS6.0-BL"; UniqueID = "\WSGYDNUW" ("\WSGYDNUW")
Change component parameters: Designator = "U5" ("U5"); Footprint = "SOT-23-5_L3.0-W1.7-P0.95-LS2.8-BR"; UniqueID = "\TKESQQRS" ("\TKESQQRS")
Change component parameters (AddParameter): Name = "Add into BOM"; Value = "yes"; VariantName = "[No Variations]"
Change component parameters (AddParameter): Name = "Convert to PCB"; Value = "yes"; VariantName = "[No Variations]"
Change component parameters (AddParameter): Name = "Datasheet"; Value = "https://www.ti.com/cn/lit/gpn/sn65hvd1050"; VariantName = "[No Variations]"
Change component parameters (AddParameter): Name = "Device"; Value = "SN65HVD1050DR"; VariantName = "[No Variations]"
Change component parameters (AddParameter): Name = "JLCPCB Part Class"; Value = "Extended Part"; VariantName = "[No Variations]"
Change component parameters (AddParameter): Name = "LCSC Part Name"; Value = "4.5V~5.5V"; VariantName = "[No Variations]"
Change component parameters (AddParameter): Name = "Manufacturer"; Value = "TI(德州仪器)"; VariantName = "[No Variations]"
Change component parameters (AddParameter): Name = "Manufacturer Part"; Value = "SN65HVD1050DR"; VariantName = "[No Variations]"
Change component parameters (AddParameter): Name = "Name"; Value = "SN65HVD1050DR"; VariantName = "[No Variations]"
Change component parameters (AddParameter): Name = "Operating Temperature"; Value = "-40℃~+125℃"; VariantName = "[No Variations]"
Change component parameters (AddParameter): Name = "Supplier"; Value = "LCSC"; VariantName = "[No Variations]"
Change component parameters (AddParameter): Name = "Supplier Footprint"; Value = "SOIC-8"; VariantName = "[No Variations]"
Change component parameters (AddParameter): Name = "Supplier Part"; Value = "C14019"; VariantName = "[No Variations]"
Change component parameters (AddParameter): Name = "Supply Current"; Value = "50mA"; VariantName = "[No Variations]"
Change component parameters (AddParameter): Name = "Supply Voltage"; Value = "4.5V~5.5V"; VariantName = "[No Variations]"
Change component parameters (AddParameter): Name = "Symbol"; Value = "SN65HVD1050DR"; VariantName = "[No Variations]"
Change component parameters (AddParameter): Name = "Type"; Value = "收发器"; VariantName = "[No Variations]"
Added Component: Designator=C10(c0402)
Added Component: Designator=C11(c0402)
Added Component: Designator=CN3(CONN-SMD_4P-P1.25_GH1.25-4P)
Added Component: Designator=D1(pg-tdson-8)
Add component (AddParameter): Name = "ComponentLink1Description"; Value = "Manufacturer Link"; VariantName = "[No Variations]"
Add component (AddParameter): Name = "ComponentLink1URL"; Value = "http://www.irf.com/"; VariantName = "[No Variations]"
Add component (AddParameter): Name = "DatasheetVersion"; Value = "PD-9.814"; VariantName = "[No Variations]"
Add component (AddParameter): Name = "LatestRevisionDate"; Value = "17-Jul-2002"; VariantName = "[No Variations]"
Add component (AddParameter): Name = "LatestRevisionNote"; Value = "Re-released for DXP Platform."; VariantName = "[No Variations]"
Add component (AddParameter): Name = "Note"; Value = "Pin 2 is electrically connected to pin 4."; VariantName = "[No Variations]"
Add component (AddParameter): Name = "PackageDescription"; Value = "TO, Thru-Hole, Vertical, Heatsink Mounted; 3 In-Line Leads; Pitch 2.54 mm"; VariantName = "[No Variations]"
Add component (AddParameter): Name = "PackageReference"; Value = "TO-220AB"; VariantName = "[No Variations]"
Add component (AddParameter): Name = "PackageVersion"; Value = "Feb-1997"; VariantName = "[No Variations]"
Add component (AddParameter): Name = "Published"; Value = "8-Jun-2000"; VariantName = "[No Variations]"
Add component (AddParameter): Name = "Publisher"; Value = "Altium Limited"; VariantName = "[No Variations]"
Added Component: Designator=D2(pg-tdson-8)
Add component (AddParameter): Name = "ComponentLink1Description"; Value = "Manufacturer Link"; VariantName = "[No Variations]"
Add component (AddParameter): Name = "ComponentLink1URL"; Value = "http://www.irf.com/"; VariantName = "[No Variations]"
Add component (AddParameter): Name = "DatasheetVersion"; Value = "PD-9.814"; VariantName = "[No Variations]"
Add component (AddParameter): Name = "LatestRevisionDate"; Value = "17-Jul-2002"; VariantName = "[No Variations]"
Add component (AddParameter): Name = "LatestRevisionNote"; Value = "Re-released for DXP Platform."; VariantName = "[No Variations]"
Add component (AddParameter): Name = "Note"; Value = "Pin 2 is electrically connected to pin 4."; VariantName = "[No Variations]"
Add component (AddParameter): Name = "PackageDescription"; Value = "TO, Thru-Hole, Vertical, Heatsink Mounted; 3 In-Line Leads; Pitch 2.54 mm"; VariantName = "[No Variations]"
Add component (AddParameter): Name = "PackageReference"; Value = "TO-220AB"; VariantName = "[No Variations]"
Add component (AddParameter): Name = "PackageVersion"; Value = "Feb-1997"; VariantName = "[No Variations]"
Add component (AddParameter): Name = "Published"; Value = "8-Jun-2000"; VariantName = "[No Variations]"
Add component (AddParameter): Name = "Publisher"; Value = "Altium Limited"; VariantName = "[No Variations]"
Added Component: Designator=D3(pg-tdson-8)
Add component (AddParameter): Name = "ComponentLink1Description"; Value = "Manufacturer Link"; VariantName = "[No Variations]"
Add component (AddParameter): Name = "ComponentLink1URL"; Value = "http://www.irf.com/"; VariantName = "[No Variations]"
Add component (AddParameter): Name = "DatasheetVersion"; Value = "PD-9.814"; VariantName = "[No Variations]"
Add component (AddParameter): Name = "LatestRevisionDate"; Value = "17-Jul-2002"; VariantName = "[No Variations]"
Add component (AddParameter): Name = "LatestRevisionNote"; Value = "Re-released for DXP Platform."; VariantName = "[No Variations]"
Add component (AddParameter): Name = "Note"; Value = "Pin 2 is electrically connected to pin 4."; VariantName = "[No Variations]"
Add component (AddParameter): Name = "PackageDescription"; Value = "TO, Thru-Hole, Vertical, Heatsink Mounted; 3 In-Line Leads; Pitch 2.54 mm"; VariantName = "[No Variations]"
Add component (AddParameter): Name = "PackageReference"; Value = "TO-220AB"; VariantName = "[No Variations]"
Add component (AddParameter): Name = "PackageVersion"; Value = "Feb-1997"; VariantName = "[No Variations]"
Add component (AddParameter): Name = "Published"; Value = "8-Jun-2000"; VariantName = "[No Variations]"
Add component (AddParameter): Name = "Publisher"; Value = "Altium Limited"; VariantName = "[No Variations]"
Added Component: Designator=D4(pg-tdson-8)
Add component (AddParameter): Name = "ComponentLink1Description"; Value = "Manufacturer Link"; VariantName = "[No Variations]"
Add component (AddParameter): Name = "ComponentLink1URL"; Value = "http://www.irf.com/"; VariantName = "[No Variations]"
Add component (AddParameter): Name = "DatasheetVersion"; Value = "PD-9.814"; VariantName = "[No Variations]"
Add component (AddParameter): Name = "LatestRevisionDate"; Value = "17-Jul-2002"; VariantName = "[No Variations]"
Add component (AddParameter): Name = "LatestRevisionNote"; Value = "Re-released for DXP Platform."; VariantName = "[No Variations]"
Add component (AddParameter): Name = "Note"; Value = "Pin 2 is electrically connected to pin 4."; VariantName = "[No Variations]"
Add component (AddParameter): Name = "PackageDescription"; Value = "TO, Thru-Hole, Vertical, Heatsink Mounted; 3 In-Line Leads; Pitch 2.54 mm"; VariantName = "[No Variations]"
Add component (AddParameter): Name = "PackageReference"; Value = "TO-220AB"; VariantName = "[No Variations]"
Add component (AddParameter): Name = "PackageVersion"; Value = "Feb-1997"; VariantName = "[No Variations]"
Add component (AddParameter): Name = "Published"; Value = "8-Jun-2000"; VariantName = "[No Variations]"
Add component (AddParameter): Name = "Publisher"; Value = "Altium Limited"; VariantName = "[No Variations]"
Added Component: Designator=D5(pg-tdson-8)
Add component (AddParameter): Name = "ComponentLink1Description"; Value = "Manufacturer Link"; VariantName = "[No Variations]"
Add component (AddParameter): Name = "ComponentLink1URL"; Value = "http://www.irf.com/"; VariantName = "[No Variations]"
Add component (AddParameter): Name = "DatasheetVersion"; Value = "PD-9.814"; VariantName = "[No Variations]"
Add component (AddParameter): Name = "LatestRevisionDate"; Value = "17-Jul-2002"; VariantName = "[No Variations]"
Add component (AddParameter): Name = "LatestRevisionNote"; Value = "Re-released for DXP Platform."; VariantName = "[No Variations]"
Add component (AddParameter): Name = "Note"; Value = "Pin 2 is electrically connected to pin 4."; VariantName = "[No Variations]"
Add component (AddParameter): Name = "PackageDescription"; Value = "TO, Thru-Hole, Vertical, Heatsink Mounted; 3 In-Line Leads; Pitch 2.54 mm"; VariantName = "[No Variations]"
Add component (AddParameter): Name = "PackageReference"; Value = "TO-220AB"; VariantName = "[No Variations]"
Add component (AddParameter): Name = "PackageVersion"; Value = "Feb-1997"; VariantName = "[No Variations]"
Add component (AddParameter): Name = "Published"; Value = "8-Jun-2000"; VariantName = "[No Variations]"
Add component (AddParameter): Name = "Publisher"; Value = "Altium Limited"; VariantName = "[No Variations]"
Added Component: Designator=D6(pg-tdson-8)
Add component (AddParameter): Name = "ComponentLink1Description"; Value = "Manufacturer Link"; VariantName = "[No Variations]"
Add component (AddParameter): Name = "ComponentLink1URL"; Value = "http://www.irf.com/"; VariantName = "[No Variations]"
Add component (AddParameter): Name = "DatasheetVersion"; Value = "PD-9.814"; VariantName = "[No Variations]"
Add component (AddParameter): Name = "LatestRevisionDate"; Value = "17-Jul-2002"; VariantName = "[No Variations]"
Add component (AddParameter): Name = "LatestRevisionNote"; Value = "Re-released for DXP Platform."; VariantName = "[No Variations]"
Add component (AddParameter): Name = "Note"; Value = "Pin 2 is electrically connected to pin 4."; VariantName = "[No Variations]"
Add component (AddParameter): Name = "PackageDescription"; Value = "TO, Thru-Hole, Vertical, Heatsink Mounted; 3 In-Line Leads; Pitch 2.54 mm"; VariantName = "[No Variations]"
Add component (AddParameter): Name = "PackageReference"; Value = "TO-220AB"; VariantName = "[No Variations]"
Add component (AddParameter): Name = "PackageVersion"; Value = "Feb-1997"; VariantName = "[No Variations]"
Add component (AddParameter): Name = "Published"; Value = "8-Jun-2000"; VariantName = "[No Variations]"
Add component (AddParameter): Name = "Publisher"; Value = "Altium Limited"; VariantName = "[No Variations]"
Added Component: Designator=R5(R0402)
Add component (AddParameter): Name = "BOM_Manufacturer"; Value = "UniOhm"; VariantName = "[No Variations]"
Add component (AddParameter): Name = "BOM_Manufacturer Part"; Value = "0603WAJ022JT5E"; VariantName = "[No Variations]"
Add component (AddParameter): Name = "BOM_Supplier"; Value = "LCSC"; VariantName = "[No Variations]"
Add component (AddParameter): Name = "BOM_Supplier Part"; Value = "C25226"; VariantName = "[No Variations]"
Add component (AddParameter): Name = "nameAlias"; Value = "Value(Ω)"; VariantName = "[No Variations]"
Add component (AddParameter): Name = "spicePre"; Value = "R"; VariantName = "[No Variations]"
Add component (AddParameter): Name = "spiceSymbolName"; Value = "Res_0603(1/10W)_EU"; VariantName = "[No Variations]"
Added Component: Designator=R8(R0402)
Add component (AddParameter): Name = "BOM_Manufacturer"; Value = "UniOhm"; VariantName = "[No Variations]"
Add component (AddParameter): Name = "BOM_Manufacturer Part"; Value = "0603WAJ022JT5E"; VariantName = "[No Variations]"
Add component (AddParameter): Name = "BOM_Supplier"; Value = "LCSC"; VariantName = "[No Variations]"
Add component (AddParameter): Name = "BOM_Supplier Part"; Value = "C25226"; VariantName = "[No Variations]"
Add component (AddParameter): Name = "nameAlias"; Value = "Value(Ω)"; VariantName = "[No Variations]"
Add component (AddParameter): Name = "spicePre"; Value = "R"; VariantName = "[No Variations]"
Add component (AddParameter): Name = "spiceSymbolName"; Value = "Res_0603(1/10W)_EU"; VariantName = "[No Variations]"
Added Component: Designator=R11(R0402)
Add component (AddParameter): Name = "BOM_Manufacturer"; Value = "UniOhm"; VariantName = "[No Variations]"
Add component (AddParameter): Name = "BOM_Manufacturer Part"; Value = "0603WAJ022JT5E"; VariantName = "[No Variations]"
Add component (AddParameter): Name = "BOM_Supplier"; Value = "LCSC"; VariantName = "[No Variations]"
Add component (AddParameter): Name = "BOM_Supplier Part"; Value = "C25226"; VariantName = "[No Variations]"
Add component (AddParameter): Name = "nameAlias"; Value = "Value(Ω)"; VariantName = "[No Variations]"
Add component (AddParameter): Name = "spicePre"; Value = "R"; VariantName = "[No Variations]"
Add component (AddParameter): Name = "spiceSymbolName"; Value = "Res_0603(1/10W)_EU"; VariantName = "[No Variations]"
Added Component: Designator=R25(R0402)
Add component (AddParameter): Name = "W"; Value = ""; VariantName = "[No Variations]"
Added Component: Designator=R26(R0402)
Add component (AddParameter): Name = "BOM_Manufacturer"; Value = "UniOhm"; VariantName = "[No Variations]"
Add component (AddParameter): Name = "BOM_Manufacturer Part"; Value = "0603WAJ022JT5E"; VariantName = "[No Variations]"
Add component (AddParameter): Name = "BOM_Supplier"; Value = "LCSC"; VariantName = "[No Variations]"
Add component (AddParameter): Name = "BOM_Supplier Part"; Value = "C25226"; VariantName = "[No Variations]"
Add component (AddParameter): Name = "nameAlias"; Value = "Value(Ω)"; VariantName = "[No Variations]"
Add component (AddParameter): Name = "spicePre"; Value = "R"; VariantName = "[No Variations]"
Add component (AddParameter): Name = "spiceSymbolName"; Value = "Res_0603(1/10W)_EU"; VariantName = "[No Variations]"
Added Component: Designator=R27(R0402)
Add component (AddParameter): Name = "BOM_Manufacturer"; Value = "UniOhm"; VariantName = "[No Variations]"
Add component (AddParameter): Name = "BOM_Manufacturer Part"; Value = "0603WAJ022JT5E"; VariantName = "[No Variations]"
Add component (AddParameter): Name = "BOM_Supplier"; Value = "LCSC"; VariantName = "[No Variations]"
Add component (AddParameter): Name = "BOM_Supplier Part"; Value = "C25226"; VariantName = "[No Variations]"
Add component (AddParameter): Name = "nameAlias"; Value = "Value(Ω)"; VariantName = "[No Variations]"
Add component (AddParameter): Name = "spicePre"; Value = "R"; VariantName = "[No Variations]"
Add component (AddParameter): Name = "spiceSymbolName"; Value = "Res_0603(1/10W)_EU"; VariantName = "[No Variations]"
Added Component: Designator=R30(R0402)
Add component (AddParameter): Name = "W"; Value = ""; VariantName = "[No Variations]"
Added Component: Designator=R31(R0402)
Add component (AddParameter): Name = "BOM_Manufacturer"; Value = "UniOhm"; VariantName = "[No Variations]"
Add component (AddParameter): Name = "BOM_Manufacturer Part"; Value = "0603WAJ022JT5E"; VariantName = "[No Variations]"
Add component (AddParameter): Name = "BOM_Supplier"; Value = "LCSC"; VariantName = "[No Variations]"
Add component (AddParameter): Name = "BOM_Supplier Part"; Value = "C25226"; VariantName = "[No Variations]"
Add component (AddParameter): Name = "nameAlias"; Value = "Value(Ω)"; VariantName = "[No Variations]"
Add component (AddParameter): Name = "spicePre"; Value = "R"; VariantName = "[No Variations]"
Add component (AddParameter): Name = "spiceSymbolName"; Value = "Res_0603(1/10W)_EU"; VariantName = "[No Variations]"
Added Component: Designator=R32(R0402)
Add component (AddParameter): Name = "BOM_Manufacturer"; Value = "UniOhm"; VariantName = "[No Variations]"
Add component (AddParameter): Name = "BOM_Manufacturer Part"; Value = "0603WAJ022JT5E"; VariantName = "[No Variations]"
Add component (AddParameter): Name = "BOM_Supplier"; Value = "LCSC"; VariantName = "[No Variations]"
Add component (AddParameter): Name = "BOM_Supplier Part"; Value = "C25226"; VariantName = "[No Variations]"
Add component (AddParameter): Name = "nameAlias"; Value = "Value(Ω)"; VariantName = "[No Variations]"
Add component (AddParameter): Name = "spicePre"; Value = "R"; VariantName = "[No Variations]"
Add component (AddParameter): Name = "spiceSymbolName"; Value = "Res_0603(1/10W)_EU"; VariantName = "[No Variations]"
Add Component: Footprint Not Found 邮票孔6P加大
Added Component: Designator=U7(UFQFPN-32_L5.0-W5.0-P0.50-BL-EP3.5)
Added Component: Designator=U8(SOT-89-3_L4.5-W2.5-P1.50-LS4.2-BR)
Added Pin To Net: NetName=VCC Pin=C2-2
Added Pin To Net: NetName=5V Pin=C7-2
Added Pin To Net: NetName=DGND Pin=C9-1
Added Pin To Net: NetName=DGND Pin=C10-1
Added Pin To Net: NetName=+3.3V Pin=C10-2
Added Pin To Net: NetName=DGND Pin=C11-1
Added Pin To Net: NetName=DGND Pin=C12-1
Added Pin To Net: NetName=+3.3V Pin=C12-2
Added Pin To Net: NetName=VCC Pin=C13-2
Added Pin To Net: NetName=5V Pin=C15-2
Added Pin To Net: NetName=CAN_P Pin=CN2-1
Added Pin To Net: NetName=CAN_N Pin=CN2-2
Added Pin To Net: NetName=+3.3V Pin=CN3-1
Added Pin To Net: NetName=DGND Pin=CN3-2
Added Pin To Net: NetName=SWCLK Pin=CN3-3
Added Pin To Net: NetName=SWDIO Pin=CN3-4
Added Pin To Net: NetName=VCC Pin=D1-2
Added Pin To Net: NetName=VCC Pin=D1-2
Added Pin To Net: NetName=VCC Pin=D1-2
Added Pin To Net: NetName=VCC Pin=D1-2
Added Pin To Net: NetName=VCC Pin=D1-2
Added Pin To Net: NetName=M0_SH_A Pin=D1-3
Added Pin To Net: NetName=M0_SH_A Pin=D1-3
Added Pin To Net: NetName=M0_SH_A Pin=D1-3
Added Pin To Net: NetName=VCC Pin=D2-2
Added Pin To Net: NetName=VCC Pin=D2-2
Added Pin To Net: NetName=VCC Pin=D2-2
Added Pin To Net: NetName=VCC Pin=D2-2
Added Pin To Net: NetName=VCC Pin=D2-2
Added Pin To Net: NetName=M0_SH_B Pin=D2-3
Added Pin To Net: NetName=M0_SH_B Pin=D2-3
Added Pin To Net: NetName=M0_SH_B Pin=D2-3
Added Pin To Net: NetName=VCC Pin=D3-2
Added Pin To Net: NetName=VCC Pin=D3-2
Added Pin To Net: NetName=VCC Pin=D3-2
Added Pin To Net: NetName=VCC Pin=D3-2
Added Pin To Net: NetName=VCC Pin=D3-2
Added Pin To Net: NetName=M0_SH_C Pin=D3-3
Added Pin To Net: NetName=M0_SH_C Pin=D3-3
Added Pin To Net: NetName=M0_SH_C Pin=D3-3
Added Pin To Net: NetName=M0_SH_A Pin=D4-2
Added Pin To Net: NetName=M0_SH_A Pin=D4-2
Added Pin To Net: NetName=M0_SH_A Pin=D4-2
Added Pin To Net: NetName=M0_SH_A Pin=D4-2
Added Pin To Net: NetName=M0_SH_A Pin=D4-2
Added Pin To Net: NetName=M0_SPA Pin=D4-3
Added Pin To Net: NetName=M0_SPA Pin=D4-3
Added Pin To Net: NetName=M0_SPA Pin=D4-3
Added Pin To Net: NetName=M0_SH_B Pin=D5-2
Added Pin To Net: NetName=M0_SH_B Pin=D5-2
Added Pin To Net: NetName=M0_SH_B Pin=D5-2
Added Pin To Net: NetName=M0_SH_B Pin=D5-2
Added Pin To Net: NetName=M0_SH_B Pin=D5-2
Added Pin To Net: NetName=M0_SPB Pin=D5-3
Added Pin To Net: NetName=M0_SPB Pin=D5-3
Added Pin To Net: NetName=M0_SPB Pin=D5-3
Added Pin To Net: NetName=M0_SH_C Pin=D6-2
Added Pin To Net: NetName=M0_SH_C Pin=D6-2
Added Pin To Net: NetName=M0_SH_C Pin=D6-2
Added Pin To Net: NetName=M0_SH_C Pin=D6-2
Added Pin To Net: NetName=M0_SH_C Pin=D6-2
Added Pin To Net: NetName=M0_SPC Pin=D6-3
Added Pin To Net: NetName=M0_SPC Pin=D6-3
Added Pin To Net: NetName=M0_SPC Pin=D6-3
Added Pin To Net: NetName=NetLED2_1 Pin=Q1-2
Added Pin To Net: NetName=M0_SNA Pin=Q2-1
Add Pin To Net: Unknown Pin: Pin Q2-2
Added Pin To Net: NetName=5V Pin=Q2-3
Added Pin To Net: NetName=DVDD Pin=R1-1
Added Pin To Net: NetName=DVDD Pin=R2-2
Added Pin To Net: NetName=AGND Pin=R3-1
Added Pin To Net: NetName=DVDD Pin=R4-1
Added Pin To Net: NetName=DVDD Pin=R5-2
Added Pin To Net: NetName=AGND Pin=R6-1
Added Pin To Net: NetName=DVDD Pin=R7-2
Added Pin To Net: NetName=AGND Pin=R8-1
Added Pin To Net: NetName=DVDD Pin=R9-2
Added Pin To Net: NetName=DVDD Pin=R10-2
Added Pin To Net: NetName=AGND Pin=R11-1
Added Pin To Net: NetName=CAN_P Pin=R22-1
Added Pin To Net: NetName=CAN_N Pin=R22-2
Added Pin To Net: NetName=DGND Pin=R23-1
Added Pin To Net: NetName=+3.3V Pin=R24-1
Added Pin To Net: NetName=NetC9_2 Pin=R24-2
Added Pin To Net: NetName=NetQ1_3 Pin=R25-1
Added Pin To Net: NetName=+3.3V Pin=R25-2
Added Pin To Net: NetName=+3.3V Pin=R26-1
Added Pin To Net: NetName=NetLED1_1 Pin=R26-2
Added Pin To Net: NetName=VCC_ADC Pin=R27-1
Added Pin To Net: NetName=VCC Pin=R27-2
Added Pin To Net: NetName=DGND Pin=R28-1
Added Pin To Net: NetName=VCC_ADC Pin=R28-2
Added Pin To Net: NetName=+3.3V Pin=R29-1
Added Pin To Net: NetName=SWDIO Pin=R29-2
Added Pin To Net: NetName=SWCLK Pin=R30-1
Added Pin To Net: NetName=DGND Pin=R30-2
Added Pin To Net: NetName=AGND Pin=R31-1
Added Pin To Net: NetName=M0_SNA Pin=R31-2
Added Pin To Net: NetName=M0_SNA Pin=R32-1
Added Pin To Net: NetName=DGND Pin=R32-2
Added Pin To Net: NetName=NetC9_2 Pin=S1-2
Added Pin To Net: NetName=NetC9_2 Pin=S1-2
Added Pin To Net: NetName=M0_SOC Pin=U1-1
Added Pin To Net: NetName=M0_SOB Pin=U1-2
Added Pin To Net: NetName=M0_SOA Pin=U1-3
Added Pin To Net: NetName=nFAULT Pin=U1-4
Added Pin To Net: NetName=CAL Pin=U1-6
Added Pin To Net: NetName=VCC Pin=U2-4
Added Pin To Net: NetName=M0_AH Pin=U3-1
Added Pin To Net: NetName=M0_AL Pin=U3-2
Added Pin To Net: NetName=M0_BH Pin=U3-3
Added Pin To Net: NetName=M0_BL Pin=U3-4
Added Pin To Net: NetName=M0_CH Pin=U3-5
Added Pin To Net: NetName=M0_CL Pin=U3-6
Added Pin To Net: NetName=FDCAN_TX Pin=U5-1
Added Pin To Net: NetName=DGND Pin=U5-2
Added Pin To Net: NetName=5V Pin=U5-3
Added Pin To Net: NetName=FDCAN_RX Pin=U5-4
Added Pin To Net: NetName=CAN_N Pin=U5-6
Added Pin To Net: NetName=CAN_P Pin=U5-7
Added Pin To Net: NetName=DGND Pin=U5-8
Added Pin To Net: NetName=+3.3V Pin=U7-1
Added Pin To Net: NetName=NetC9_2 Pin=U7-4
Added Pin To Net: NetName=VCC_ADC Pin=U7-8
Added Pin To Net: NetName=DGND Pin=U7-14
Added Pin To Net: NetName=DGND Pin=U7-16
Added Pin To Net: NetName=+3.3V Pin=U7-17
Added Pin To Net: NetName=FDCAN_RX Pin=U7-21
Added Pin To Net: NetName=FDCAN_TX Pin=U7-22
Added Pin To Net: NetName=SWDIO Pin=U7-23
Added Pin To Net: NetName=SWCLK Pin=U7-24
Added Pin To Net: NetName=SPI_NSS Pin=U7-25
Added Pin To Net: NetName=SPI_SCK Pin=U7-26
Added Pin To Net: NetName=SPI_MISO Pin=U7-27
Added Pin To Net: NetName=SPI_MOSI Pin=U7-28
Added Pin To Net: NetName=State_LED Pin=U7-29
Added Pin To Net: NetName=DGND Pin=U7-32
Added Pin To Net: NetName=DGND Pin=U7-33
Added Pin To Net: NetName=5V Pin=U8-1
Add Pin To Net: Unknown Pin: Pin U8-2
Added Pin To Net: NetName=VCC Pin=U8-3
Change Net Name : Old Net Name=NetC4_1 New Net Name=NetC2_1
Change Net Name : Old Net Name=NetC6_1 New Net Name=NetC3_1
Change Net Name : Old Net Name=NetC6_2 New Net Name=NetC3_2
Added Pin To Net: NetName=CAL__ Pin=U4-6
Added Pin To Net: NetName=CAL__ Pin=U7-9
Added Net: Name=CAL__
Added Pin To Net: NetName=ENABLE__ Pin=U4-5
Added Pin To Net: NetName=ENABLE__ Pin=U7-10
Added Net: Name=ENABLE__
Added Pin To Net: NetName=ENABLE Pin=R9-1
Added Pin To Net: NetName=ENABLE Pin=U1-5
Added Pin To Net: NetName=ENABLE Pin=U2-30
Added Net: Name=ENABLE
Added Pin To Net: NetName=M0_AH__ Pin=U7-18
Added Net: Name=M0_AH__
Added Pin To Net: NetName=M0_AL__ Pin=U7-12
Added Net: Name=M0_AL__
Added Pin To Net: NetName=M0_BH__ Pin=U7-19
Added Net: Name=M0_BH__
Added Pin To Net: NetName=M0_BL__ Pin=U7-13
Added Net: Name=M0_BL__
Added Pin To Net: NetName=M0_CH__ Pin=U7-20
Added Net: Name=M0_CH__
Added Pin To Net: NetName=M0_CL__ Pin=U7-2
Added Net: Name=M0_CL__
Added Pin To Net: NetName=M0_SOA__ Pin=U4-3
Added Pin To Net: NetName=M0_SOA__ Pin=U7-5
Added Net: Name=M0_SOA__
Added Pin To Net: NetName=M0_SOB__ Pin=U4-2
Added Pin To Net: NetName=M0_SOB__ Pin=U7-6
Added Net: Name=M0_SOB__
Added Pin To Net: NetName=M0_SOC__ Pin=U4-1
Added Pin To Net: NetName=M0_SOC__ Pin=U7-7
Added Net: Name=M0_SOC__
Added Pin To Net: NetName=NetC1_1 Pin=C1-1
Added Pin To Net: NetName=NetC1_1 Pin=R1-2
Added Pin To Net: NetName=NetC1_1 Pin=U2-24
Added Net: Name=NetC1_1
Added Pin To Net: NetName=NetC11_2 Pin=C11-2
Added Pin To Net: NetName=NetC11_2 Pin=L1-2
Added Pin To Net: NetName=NetC11_2 Pin=U7-15
Added Net: Name=NetC11_2
Added Pin To Net: NetName=NetD1_1 Pin=D1-1
Added Pin To Net: NetName=NetD1_1 Pin=R13-1
Added Net: Name=NetD1_1
Added Pin To Net: NetName=NetD2_1 Pin=D2-1
Added Pin To Net: NetName=NetD2_1 Pin=R14-1
Added Net: Name=NetD2_1
Added Pin To Net: NetName=NetD3_1 Pin=D3-1
Added Pin To Net: NetName=NetD3_1 Pin=R15-1
Added Net: Name=NetD3_1
Added Pin To Net: NetName=NetD4_1 Pin=D4-1
Added Pin To Net: NetName=NetD4_1 Pin=R16-1
Added Net: Name=NetD4_1
Added Pin To Net: NetName=NetD5_1 Pin=D5-1
Added Pin To Net: NetName=NetD5_1 Pin=R17-1
Added Net: Name=NetD5_1
Added Pin To Net: NetName=NetD6_1 Pin=D6-1
Added Pin To Net: NetName=NetD6_1 Pin=R18-1
Added Net: Name=NetD6_1
Added Pin To Net: NetName=NetR2_1 Pin=R2-1
Added Pin To Net: NetName=NetR2_1 Pin=R3-2
Added Pin To Net: NetName=NetR2_1 Pin=U2-26
Added Net: Name=NetR2_1
Added Pin To Net: NetName=NetR5_1 Pin=R5-1
Added Pin To Net: NetName=NetR5_1 Pin=R6-2
Added Pin To Net: NetName=NetR5_1 Pin=U2-27
Added Net: Name=NetR5_1
Added Pin To Net: NetName=NetR7_1 Pin=R7-1
Added Pin To Net: NetName=NetR7_1 Pin=R8-2
Added Pin To Net: NetName=NetR7_1 Pin=U2-28
Added Net: Name=NetR7_1
Added Pin To Net: NetName=NetR10_1 Pin=R10-1
Added Pin To Net: NetName=NetR10_1 Pin=R11-2
Added Pin To Net: NetName=NetR10_1 Pin=U2-29
Added Net: Name=NetR10_1
Added Pin To Net: NetName=NetR23_2 Pin=R23-2
Added Pin To Net: NetName=NetR23_2 Pin=U7-31
Added Net: Name=NetR23_2
Added Pin To Net: NetName=nFAULT__ Pin=U4-4
Added Pin To Net: NetName=nFAULT__ Pin=U7-11
Added Net: Name=nFAULT__
Added Class: Name=FOC_STM32G431
Added Member To Class: ClassName=FOC_DRV8323 Member=Component D1 NTMFS5C670
Added Member To Class: ClassName=FOC_DRV8323 Member=Component D2 NTMFS5C670
Added Member To Class: ClassName=FOC_DRV8323 Member=Component D3 NTMFS5C670
Added Member To Class: ClassName=FOC_DRV8323 Member=Component D4 NTMFS5C670
Added Member To Class: ClassName=FOC_DRV8323 Member=Component D5 NTMFS5C670
Added Member To Class: ClassName=FOC_DRV8323 Member=Component D6 NTMFS5C670
