Removed Pin From Net: NetName=GND Pin=C3-1
Removed Pin From Net: NetName=GND Pin=C4-1
Removed Pin From Net: NetName=GND Pin=C5-1
Removed Pin From Net: NetName=GND Pin=C6-1
Removed Pin From Net: NetName=GND Pin=C7-1
Removed Pin From Net: NetName=GND Pin=C8-1
Removed Pin From Net: NetName=GND Pin=R4-1
Removed Pin From Net: NetName=GND Pin=R5-1
Removed Pin From Net: NetName=GND Pin=R6-1
Removed Pin From Net: NetName=VDD Pin=U1-6
Removed Pin From Net: NetName=VDD Pin=U3-4
Removed Pin From Net: NetName=GND Pin=U3-8
Removed Pin From Net: NetName=GND Pin=U3-12
Removed Pin From Net: NetName=VDD Pin=U3-16
Removed Pin From Net: NetName=GND Pin=U4-7
Removed Pin From Net: NetName=VDD Pin=U4-8
Removed Member From Class: ClassName=MT6816_Angle_Encoder Member=C3
Removed Member From Class: ClassName=MT6816_Angle_Encoder Member=C4
Removed Member From Class: ClassName=MT6816_Angle_Encoder Member=C5
Removed Member From Class: ClassName=MT6816_Angle_Encoder Member=C6
Removed Member From Class: ClassName=MT6816_Angle_Encoder Member=C7
Removed Member From Class: ClassName=MT6816_Angle_Encoder Member=C8
Removed Member From Class: ClassName=MT6816_Angle_Encoder Member=R1
Removed Member From Class: ClassName=MT6816_Angle_Encoder Member=R2
Removed Member From Class: ClassName=MT6816_Angle_Encoder Member=R3
Removed Member From Class: ClassName=MT6816_Angle_Encoder Member=R4
Removed Member From Class: ClassName=MT6816_Angle_Encoder Member=R5
Removed Member From Class: ClassName=MT6816_Angle_Encoder Member=R6
Removed Member From Class: ClassName=MT6816_Angle_Encoder Member=R7
Removed Member From Class: ClassName=MT6816_Angle_Encoder Member=R8
Removed Member From Class: ClassName=MT6816_Angle_Encoder Member=R9
Removed Member From Class: ClassName=MT6816_Angle_Encoder Member=R10
Removed Member From Class: ClassName=MT6816_Angle_Encoder Member=R11
Removed Member From Class: ClassName=MT6816_Angle_Encoder Member=R12
Removed Member From Class: ClassName=MT6816_Angle_Encoder Member=U3
Removed Member From Class: ClassName=MT6816_Angle_Encoder Member=U4
Added Component: Designator=R?(R0402)
Added Pin To Net: NetName=VDD Pin=R?-1
Change Net Name : Old Net Name=VDD New Net Name=NetC1_2
Added Pin To Net: NetName=SPI_MISO Pin=U1-2
Added Pin To Net: NetName=SPI_MISO Pin=U2-6
Added Net: Name=SPI_MISO
Added Pin To Net: NetName=SPI_MOSI Pin=U1-1
Added Pin To Net: NetName=SPI_MOSI Pin=U2-5
Added Net: Name=SPI_MOSI
Added Pin To Net: NetName=SPI_SCLK Pin=U1-3
Added Pin To Net: NetName=SPI_SCLK Pin=U2-7
Added Net: Name=SPI_SCLK
Added Pin To Net: NetName=VDD Pin=R?-2
Added Pin To Net: NetName=VDD Pin=U1-6
Added Net: Name=VDD
Added Member To Class: ClassName=MT6816_Angle_Encoder Member=Component R? 10¦¸
