Change Component Footprint: Designator=U4 Old Footprint=QFN-8 3x3 New Footprint=PCBComponent_1 - duplicate
Added Component: Designator=U6(PCBComponent_1 - duplicate)
Add Pin To Net: Unknown Pin: Pin Q2-2
Added Pin To Net: NetName=M0_AH__ Pin=U6-1
Added Pin To Net: NetName=M0_AH__ Pin=U6-1
Added Pin To Net: NetName=M0_AH__ Pin=U6-1
Added Pin To Net: NetName=M0_AL__ Pin=U6-2
Added Pin To Net: NetName=M0_AL__ Pin=U6-2
Added Pin To Net: NetName=M0_AL__ Pin=U6-2
Added Pin To Net: NetName=M0_BH__ Pin=U6-3
Added Pin To Net: NetName=M0_BH__ Pin=U6-3
Added Pin To Net: NetName=M0_BH__ Pin=U6-3
Added Pin To Net: NetName=M0_BL__ Pin=U6-4
Added Pin To Net: NetName=M0_BL__ Pin=U6-4
Added Pin To Net: NetName=M0_BL__ Pin=U6-4
Added Pin To Net: NetName=M0_CH__ Pin=U6-5
Added Pin To Net: NetName=M0_CH__ Pin=U6-5
Added Pin To Net: NetName=M0_CH__ Pin=U6-5
Added Pin To Net: NetName=M0_CL__ Pin=U6-6
Added Pin To Net: NetName=M0_CL__ Pin=U6-6
Added Pin To Net: NetName=M0_CL__ Pin=U6-6
Add Pin To Net: Unknown Pin: Pin U8-2
Added Member To Class: ClassName=FOC_STM32G431 Member=Component U6 ÓÊÆ±¿×6P¼Ó´ó
