Removed Pin From Net: NetName=DGND Pin=C1_1-1
Removed Pin From Net: NetName=5V Pin=C1_1-2
Removed Pin From Net: NetName=DGND Pin=C2_1-1
Removed Pin From Net: NetName=+3.3V Pin=C2_1-2
Removed Pin From Net: NetName=DGND Pin=C3_1-1
Removed Pin From Net: NetName=NetC3_2 Pin=C3_1-2
Removed Pin From Net: NetName=NetC4_1 Pin=C4_1-1
Removed Pin From Net: NetName=NetC4_2 Pin=C4_1-2
Removed Pin From Net: NetName=DGND Pin=C5_1-1
Removed Pin From Net: NetName=+3.3V Pin=C5_1-2
Removed Pin From Net: NetName=NetC6_1 Pin=C6_1-1
Removed Pin From Net: NetName=NetC6_2 Pin=C6_1-2
Removed Pin From Net: NetName=DGND Pin=C7_1-1
Removed Pin From Net: NetName=NetC7_2 Pin=C7_1-2
Removed Pin From Net: NetName=DGND Pin=C8_1-1
Removed Pin From Net: NetName=+3.3V Pin=C8_1-2
Removed Pin From Net: NetName=NetC9_1 Pin=C9_1-1
Removed Pin From Net: NetName=NetC9_2 Pin=C9_1-2
Removed Pin From Net: NetName=M0_SNA Pin=C10_1-1
Removed Pin From Net: NetName=VCC Pin=C10_1-2
Removed Pin From Net: NetName=M0_SNA Pin=C11_1-1
Removed Pin From Net: NetName=VCC Pin=C11_1-2
Removed Pin From Net: NetName=M0_SNA Pin=C12_1-1
Removed Pin From Net: NetName=VCC Pin=C12_1-2
Removed Pin From Net: NetName=M0_SNA Pin=C13_1-1
Removed Pin From Net: NetName=5V Pin=C13_1-2
Removed Pin From Net: NetName=M0_SNA Pin=C14_1-1
Removed Pin From Net: NetName=5V Pin=C14_1-2
Removed Pin From Net: NetName=M0_SNA Pin=C15_1-1
Removed Pin From Net: NetName=+3.3V Pin=C15_1-2
Removed Pin From Net: NetName=M0_SNA Pin=C16_1-1
Removed Pin From Net: NetName=+3.3V Pin=C16_1-2
Removed Pin From Net: NetName=M0_SNA Pin=C17_1-1
Removed Pin From Net: NetName=5V Pin=C17_1-2
Removed Pin From Net: NetName=M0_SNA Pin=C18_1-1
Removed Pin From Net: NetName=NetC18_2 Pin=C18_1-2
Removed Pin From Net: NetName=+3.3V Pin=C19_1-1
Removed Pin From Net: NetName=AGND Pin=C19_1-2
Removed Pin From Net: NetName=M0_SNA Pin=C20_1-1
Removed Pin From Net: NetName=VCC Pin=C20_1-2
Removed Pin From Net: NetName=CAN_P Pin=CN1_1-1
Removed Pin From Net: NetName=CAN_N Pin=CN1_1-2
Removed Pin From Net: NetName=+3.3V Pin=CN2_1-1
Removed Pin From Net: NetName=DGND Pin=CN2_1-2
Removed Pin From Net: NetName=SWCLK Pin=CN2_1-3
Removed Pin From Net: NetName=SWDIO Pin=CN2_1-4
Removed Pin From Net: NetName=M0_SNA Pin=CN2_1-5
Removed Pin From Net: NetName=M0_SNA Pin=CN2_1-6
Removed Pin From Net: NetName=M0_SNA Pin=CN3_1-1
Removed Pin From Net: NetName=VCC Pin=CN3_1-2
Removed Pin From Net: NetName=M0_SH_C Pin=H1_1-1
Removed Pin From Net: NetName=M0_SH_B Pin=H1_1-2
Removed Pin From Net: NetName=M0_SH_A Pin=H1_1-3
Removed Pin From Net: NetName=5V Pin=H2_1-1
Removed Pin From Net: NetName=DGND Pin=H2_1-2
Removed Pin From Net: NetName=SPI_NSS Pin=H2_1-3
Removed Pin From Net: NetName=SPI_SCK Pin=H2_1-4
Removed Pin From Net: NetName=SPI_MISO Pin=H2_1-5
Removed Pin From Net: NetName=SPI_MOSI Pin=H2_1-6
Removed Pin From Net: NetName=DGND Pin=H2_1-7
Removed Pin From Net: NetName=+3.3V Pin=L1_1-1
Removed Pin From Net: NetName=NetC7_2 Pin=L1_1-2
Removed Pin From Net: NetName=NetC9_2 Pin=L2_1-1
Removed Pin From Net: NetName=5V Pin=L2_1-2
Removed Pin From Net: NetName=NetL3_1 Pin=L3_1-1
Removed Pin From Net: NetName=+3.3V Pin=L3_1-2
Removed Pin From Net: NetName=NetLED1_1 Pin=LED1_1-1
Removed Pin From Net: NetName=DGND Pin=LED1_1-2
Removed Pin From Net: NetName=NetLED2_1 Pin=LED2_1-1
Removed Pin From Net: NetName=DGND Pin=LED2_1-2
Removed Pin From Net: NetName=State_LED Pin=Q1_1-1
Removed Pin From Net: NetName=NetLED1_1 Pin=Q1_1-2
Removed Pin From Net: NetName=NetQ1_3 Pin=Q1_1-3
Removed Pin From Net: NetName=NetQ2_1 Pin=Q2_1-1
Removed Pin From Net: NetName=M0_SH_A Pin=Q2_1-2
Removed Pin From Net: NetName=M0_SH_A Pin=Q2_1-3
Removed Pin From Net: NetName=M0_SH_A Pin=Q2_1-4
Removed Pin From Net: NetName=M0_SH_A Pin=Q2_1-5
Removed Pin From Net: NetName=M0_SH_A Pin=Q2_1-6
Removed Pin From Net: NetName=VCC Pin=Q2_1-7
Removed Pin From Net: NetName=VCC Pin=Q2_1-8
Removed Pin From Net: NetName=VCC Pin=Q2_1-9
Removed Pin From Net: NetName=VCC Pin=Q2_1-10
Removed Pin From Net: NetName=NetQ3_1 Pin=Q3_1-1
Removed Pin From Net: NetName=M0_SH_B Pin=Q3_1-2
Removed Pin From Net: NetName=M0_SH_B Pin=Q3_1-3
Removed Pin From Net: NetName=M0_SH_B Pin=Q3_1-4
Removed Pin From Net: NetName=M0_SH_B Pin=Q3_1-5
Removed Pin From Net: NetName=M0_SH_B Pin=Q3_1-6
Removed Pin From Net: NetName=VCC Pin=Q3_1-7
Removed Pin From Net: NetName=VCC Pin=Q3_1-8
Removed Pin From Net: NetName=VCC Pin=Q3_1-9
Removed Pin From Net: NetName=VCC Pin=Q3_1-10
Removed Pin From Net: NetName=NetQ4_1 Pin=Q4_1-1
Removed Pin From Net: NetName=M0_SH_C Pin=Q4_1-2
Removed Pin From Net: NetName=M0_SH_C Pin=Q4_1-3
Removed Pin From Net: NetName=M0_SH_C Pin=Q4_1-4
Removed Pin From Net: NetName=M0_SH_C Pin=Q4_1-5
Removed Pin From Net: NetName=M0_SH_C Pin=Q4_1-6
Removed Pin From Net: NetName=VCC Pin=Q4_1-7
Removed Pin From Net: NetName=VCC Pin=Q4_1-8
Removed Pin From Net: NetName=VCC Pin=Q4_1-9
Removed Pin From Net: NetName=VCC Pin=Q4_1-10
Removed Pin From Net: NetName=NetQ5_1 Pin=Q5_1-1
Removed Pin From Net: NetName=M0_SPA Pin=Q5_1-2
Removed Pin From Net: NetName=M0_SPA Pin=Q5_1-3
Removed Pin From Net: NetName=M0_SPA Pin=Q5_1-4
Removed Pin From Net: NetName=M0_SPA Pin=Q5_1-5
Removed Pin From Net: NetName=M0_SPA Pin=Q5_1-6
Removed Pin From Net: NetName=M0_SH_A Pin=Q5_1-7
Removed Pin From Net: NetName=M0_SH_A Pin=Q5_1-8
Removed Pin From Net: NetName=M0_SH_A Pin=Q5_1-9
Removed Pin From Net: NetName=M0_SH_A Pin=Q5_1-10
Removed Pin From Net: NetName=NetQ6_1 Pin=Q6_1-1
Removed Pin From Net: NetName=M0_SPB Pin=Q6_1-2
Removed Pin From Net: NetName=M0_SPB Pin=Q6_1-3
Removed Pin From Net: NetName=M0_SPB Pin=Q6_1-4
Removed Pin From Net: NetName=M0_SPB Pin=Q6_1-5
Removed Pin From Net: NetName=M0_SPB Pin=Q6_1-6
Removed Pin From Net: NetName=M0_SH_B Pin=Q6_1-7
Removed Pin From Net: NetName=M0_SH_B Pin=Q6_1-8
Removed Pin From Net: NetName=M0_SH_B Pin=Q6_1-9
Removed Pin From Net: NetName=M0_SH_B Pin=Q6_1-10
Removed Pin From Net: NetName=NetQ7_1 Pin=Q7_1-1
Removed Pin From Net: NetName=M0_SPC Pin=Q7_1-2
Removed Pin From Net: NetName=M0_SPC Pin=Q7_1-3
Removed Pin From Net: NetName=M0_SPC Pin=Q7_1-4
Removed Pin From Net: NetName=M0_SPC Pin=Q7_1-5
Removed Pin From Net: NetName=M0_SPC Pin=Q7_1-6
Removed Pin From Net: NetName=M0_SH_C Pin=Q7_1-7
Removed Pin From Net: NetName=M0_SH_C Pin=Q7_1-8
Removed Pin From Net: NetName=M0_SH_C Pin=Q7_1-9
Removed Pin From Net: NetName=M0_SH_C Pin=Q7_1-10
Removed Pin From Net: NetName=CAN_P Pin=R1_1-1
Removed Pin From Net: NetName=CAN_N Pin=R1_1-2
Removed Pin From Net: NetName=DGND Pin=R2_1-1
Removed Pin From Net: NetName=NetR2_2 Pin=R2_1-2
Removed Pin From Net: NetName=VCC_ADC Pin=R3_1-1
Removed Pin From Net: NetName=VCC Pin=R3_1-2
Removed Pin From Net: NetName=DGND Pin=R4_1-1
Removed Pin From Net: NetName=VCC_ADC Pin=R4_1-2
Removed Pin From Net: NetName=+3.3V Pin=R5_1-1
Removed Pin From Net: NetName=nFAULT Pin=R5_1-2
Removed Pin From Net: NetName=NetR6_1 Pin=R6_1-1
Removed Pin From Net: NetName=VCC Pin=R6_1-2
Removed Pin From Net: NetName=+3.3V Pin=R7_1-1
Removed Pin From Net: NetName=NetC3_2 Pin=R7_1-2
Removed Pin From Net: NetName=CAL Pin=R8_1-1
Removed Pin From Net: NetName=AGND Pin=R8_1-2
Removed Pin From Net: NetName=+3.3V Pin=R9_1-1
Removed Pin From Net: NetName=NetLED2_1 Pin=R9_1-2
Removed Pin From Net: NetName=NetQ1_3 Pin=R10_1-1
Removed Pin From Net: NetName=+3.3V Pin=R10_1-2
Removed Pin From Net: NetName=NetQ2_1 Pin=R11_1-1
Removed Pin From Net: NetName=M0_GH_A Pin=R11_1-2
Removed Pin From Net: NetName=NetQ3_1 Pin=R12_1-1
Removed Pin From Net: NetName=M0_GH_B Pin=R12_1-2
Removed Pin From Net: NetName=NetQ4_1 Pin=R13_1-1
Removed Pin From Net: NetName=M0_GH_C Pin=R13_1-2
Removed Pin From Net: NetName=+3.3V Pin=R14_1-1
Removed Pin From Net: NetName=SWDIO Pin=R14_1-2
Removed Pin From Net: NetName=SWCLK Pin=R15_1-1
Removed Pin From Net: NetName=DGND Pin=R15_1-2
Removed Pin From Net: NetName=AGND Pin=R16_1-1
Removed Pin From Net: NetName=M0_SNA Pin=R16_1-2
Removed Pin From Net: NetName=M0_SNA Pin=R17_1-1
Removed Pin From Net: NetName=DGND Pin=R17_1-2
Removed Pin From Net: NetName=NetQ5_1 Pin=R18_1-1
Removed Pin From Net: NetName=M0_GL_A Pin=R18_1-2
Removed Pin From Net: NetName=NetQ6_1 Pin=R19_1-1
Removed Pin From Net: NetName=M0_GL_B Pin=R19_1-2
Removed Pin From Net: NetName=NetQ7_1 Pin=R20_1-1
Removed Pin From Net: NetName=M0_GL_C Pin=R20_1-2
Removed Pin From Net: NetName=VCC Pin=R21_1-1
Removed Pin From Net: NetName=NetR21_2 Pin=R21_1-2
Removed Pin From Net: NetName=NetR22_1 Pin=R22_1-1
Removed Pin From Net: NetName=5V Pin=R22_1-2
Removed Pin From Net: NetName=NetR23_1 Pin=R23_1-1
Removed Pin From Net: NetName=+3.3V Pin=R23_1-2
Removed Pin From Net: NetName=NetR24_1 Pin=R24_1-1
Removed Pin From Net: NetName=NetR22_1 Pin=R24_1-2
Removed Pin From Net: NetName=M0_SNA Pin=R25_1-1
Removed Pin From Net: NetName=M0_SPA Pin=R25_1-2
Removed Pin From Net: NetName=M0_SNA Pin=R26_1-1
Removed Pin From Net: NetName=M0_SPB Pin=R26_1-2
Removed Pin From Net: NetName=M0_SNA Pin=R27_1-1
Removed Pin From Net: NetName=M0_SPC Pin=R27_1-2
Removed Pin From Net: NetName=M0_SNA Pin=R28_1-1
Removed Pin From Net: NetName=NetR22_1 Pin=R28_1-2
Removed Pin From Net: NetName=M0_SNA Pin=R29_1-1
Removed Pin From Net: NetName=NetR23_1 Pin=R29_1-2
Removed Pin From Net: NetName=DGND Pin=S1_1-1
Removed Pin From Net: NetName=DGND Pin=S1_1-1
Removed Pin From Net: NetName=NetC3_2 Pin=S1_1-2
Removed Pin From Net: NetName=NetC3_2 Pin=S1_1-2
Removed Pin From Net: NetName=FDCAN_TX Pin=U1_1-1
Removed Pin From Net: NetName=DGND Pin=U1_1-2
Removed Pin From Net: NetName=5V Pin=U1_1-3
Removed Pin From Net: NetName=FDCAN_RX Pin=U1_1-4
Removed Pin From Net: NetName=DGND Pin=U1_1-5
Removed Pin From Net: NetName=CAN_N Pin=U1_1-6
Removed Pin From Net: NetName=CAN_P Pin=U1_1-7
Removed Pin From Net: NetName=DGND Pin=U1_1-8
Removed Pin From Net: NetName=NetC6_1 Pin=U2_1-1
Removed Pin From Net: NetName=NetC6_2 Pin=U2_1-2
Removed Pin From Net: NetName=NetC4_1 Pin=U2_1-3
Removed Pin From Net: NetName=NetC4_2 Pin=U2_1-4
Removed Pin From Net: NetName=VCC Pin=U2_1-5
Removed Pin From Net: NetName=M0_GH_A Pin=U2_1-6
Removed Pin From Net: NetName=M0_SH_A Pin=U2_1-7
Removed Pin From Net: NetName=M0_GL_A Pin=U2_1-8
Removed Pin From Net: NetName=M0_SPA Pin=U2_1-9
Removed Pin From Net: NetName=M0_SNA Pin=U2_1-10
Removed Pin From Net: NetName=M0_SNA Pin=U2_1-11
Removed Pin From Net: NetName=M0_SPB Pin=U2_1-12
Removed Pin From Net: NetName=M0_GL_B Pin=U2_1-13
Removed Pin From Net: NetName=M0_SH_B Pin=U2_1-14
Removed Pin From Net: NetName=M0_GH_B Pin=U2_1-15
Removed Pin From Net: NetName=M0_GH_C Pin=U2_1-16
Removed Pin From Net: NetName=M0_SH_C Pin=U2_1-17
Removed Pin From Net: NetName=M0_GL_C Pin=U2_1-18
Removed Pin From Net: NetName=M0_SPC Pin=U2_1-19
Removed Pin From Net: NetName=M0_SNA Pin=U2_1-20
Removed Pin From Net: NetName=M0_SOC Pin=U2_1-21
Removed Pin From Net: NetName=M0_SOB Pin=U2_1-22
Removed Pin From Net: NetName=M0_SOA Pin=U2_1-23
Removed Pin From Net: NetName=+3.3V Pin=U2_1-24
Removed Pin From Net: NetName=nFAULT Pin=U2_1-25
Removed Pin From Net: NetName=AGND Pin=U2_1-26
Removed Pin From Net: NetName=DVDD Pin=U2_1-27
Removed Pin From Net: NetName=DVDD Pin=U2_1-28
Removed Pin From Net: NetName=DVDD Pin=U2_1-29
Removed Pin From Net: NetName=NetR6_1 Pin=U2_1-30
Removed Pin From Net: NetName=CAL Pin=U2_1-31
Removed Pin From Net: NetName=AGND Pin=U2_1-32
Removed Pin From Net: NetName=DVDD Pin=U2_1-33
Removed Pin From Net: NetName=M0_AH Pin=U2_1-34
Removed Pin From Net: NetName=M0_AL Pin=U2_1-35
Removed Pin From Net: NetName=M0_BH Pin=U2_1-36
Removed Pin From Net: NetName=M0_BL Pin=U2_1-37
Removed Pin From Net: NetName=M0_CH Pin=U2_1-38
Removed Pin From Net: NetName=M0_CL Pin=U2_1-39
Removed Pin From Net: NetName=M0_SNA Pin=U2_1-40
Removed Pin From Net: NetName=M0_SNA Pin=U2_1-41
Removed Pin From Net: NetName=+3.3V Pin=U3_1-1
Removed Pin From Net: NetName=M0_CL Pin=U3_1-2
Removed Pin From Net: NetName=NetC3_2 Pin=U3_1-4
Removed Pin From Net: NetName=M0_SOA Pin=U3_1-5
Removed Pin From Net: NetName=M0_SOB Pin=U3_1-6
Removed Pin From Net: NetName=M0_SOC Pin=U3_1-7
Removed Pin From Net: NetName=VCC_ADC Pin=U3_1-8
Removed Pin From Net: NetName=CAL Pin=U3_1-9
Removed Pin From Net: NetName=State_LED Pin=U3_1-10
Removed Pin From Net: NetName=nFAULT Pin=U3_1-11
Removed Pin From Net: NetName=M0_AL Pin=U3_1-12
Removed Pin From Net: NetName=M0_BL Pin=U3_1-13
Removed Pin From Net: NetName=DGND Pin=U3_1-14
Removed Pin From Net: NetName=NetC7_2 Pin=U3_1-15
Removed Pin From Net: NetName=DGND Pin=U3_1-16
Removed Pin From Net: NetName=+3.3V Pin=U3_1-17
Removed Pin From Net: NetName=M0_AH Pin=U3_1-18
Removed Pin From Net: NetName=M0_BH Pin=U3_1-19
Removed Pin From Net: NetName=M0_CH Pin=U3_1-20
Removed Pin From Net: NetName=FDCAN_RX Pin=U3_1-21
Removed Pin From Net: NetName=FDCAN_TX Pin=U3_1-22
Removed Pin From Net: NetName=SWDIO Pin=U3_1-23
Removed Pin From Net: NetName=SWCLK Pin=U3_1-24
Removed Pin From Net: NetName=SPI_NSS Pin=U3_1-25
Removed Pin From Net: NetName=SPI_SCK Pin=U3_1-26
Removed Pin From Net: NetName=SPI_MISO Pin=U3_1-27
Removed Pin From Net: NetName=SPI_MOSI Pin=U3_1-28
Removed Pin From Net: NetName=NetR2_2 Pin=U3_1-31
Removed Pin From Net: NetName=DGND Pin=U3_1-32
Removed Pin From Net: NetName=DGND Pin=U3_1-33
Removed Pin From Net: NetName=NetR24_1 Pin=U4_1-1
Removed Pin From Net: NetName=NetC18_2 Pin=U4_1-2
Removed Pin From Net: NetName=NetR21_2 Pin=U4_1-3
Removed Pin From Net: NetName=NetC9_1 Pin=U4_1-4
Removed Pin From Net: NetName=M0_SNA Pin=U4_1-5
Removed Pin From Net: NetName=NetC9_2 Pin=U4_1-6
Removed Pin From Net: NetName=VCC Pin=U4_1-7
Removed Pin From Net: NetName=5V Pin=U5_1-1
Removed Pin From Net: NetName=M0_SNA Pin=U5_1-2
Removed Pin From Net: NetName=NetL3_1 Pin=U5_1-3
Removed Pin From Net: NetName=5V Pin=U5_1-4
Removed Pin From Net: NetName=NetR23_1 Pin=U5_1-5
Added Component: Designator=C1(c0402)
Added Component: Designator=C2(c0402)
Added Component: Designator=C3(c0402)
Added Component: Designator=C4(c0402)
Added Component: Designator=C5(c0402)
Added Component: Designator=C6(c0402)
Added Component: Designator=C7(c0402)
Added Component: Designator=C8(c0402)
Added Component: Designator=C9(c0402)
Added Component: Designator=C10(1210)
Added Component: Designator=C11(1210)
Added Component: Designator=C12(c0402)
Added Component: Designator=C13(1210)
Added Component: Designator=C14(c0402)
Added Component: Designator=C15(1210)
Added Component: Designator=C16(c0402)
Added Component: Designator=C17(c0402)
Added Component: Designator=C18(c0402)
Added Component: Designator=C19(c0402)
Added Component: Designator=C20(1210)
Added Component: Designator=CN1(GH1.25 2P 卧式)
Add component (AddParameter): Name = "LatestRevisionDate"; Value = "17-Jul-2002"; VariantName = "[No Variations]"
Add component (AddParameter): Name = "LatestRevisionNote"; Value = "Re-released for DXP Platform."; VariantName = "[No Variations]"
Add component (AddParameter): Name = "Publisher"; Value = "Altium Limited"; VariantName = "[No Variations]"
Added Component: Designator=CN2(CONN-SMD_4P-P1.25_GH1.25-4P)
Added Component: Designator=CN3(XT30卧式焊盘)
Added Component: Designator=H1(MR30)
Add component (AddParameter): Name = "BOM_Manufacturer"; Value = "AMASS(艾迈斯)"; VariantName = "[No Variations]"
Add component (AddParameter): Name = "BOM_Manufacturer Part"; Value = "MR30-M"; VariantName = "[No Variations]"
Add component (AddParameter): Name = "BOM_Supplier"; Value = "LCSC"; VariantName = "[No Variations]"
Add component (AddParameter): Name = "BOM_Supplier Part"; Value = "C99873"; VariantName = "[No Variations]"
Add component (AddParameter): Name = "Contributor"; Value = "LCEDA_Lib"; VariantName = "[No Variations]"
Add component (AddParameter): Name = "image"; Value = ""; VariantName = "[No Variations]"
Add component (AddParameter): Name = "spicePre"; Value = "H"; VariantName = "[No Variations]"
Add component (AddParameter): Name = "spiceSymbolName"; Value = "HDR-F-2.54_1x3"; VariantName = "[No Variations]"
Added Component: Designator=H2(CONN-SMD_6P-P1.25_XYECONN_XY-GH1.25-6A61)
Added Component: Designator=L1(R0603)
Added Component: Designator=L2(IND-SMD_L2.5-W2.0)
Added Component: Designator=L3(IND-SMD_L2.5-W2.0)
Added Component: Designator=LED1(led0805)
Added Component: Designator=LED2(led0805)
Added Component: Designator=Q1(SOT-23-3_L2.9-W1.3-P1.90-LS2.4-BR)
Added Component: Designator=Q2(TRS-SMD_IRF7480MTRPBF)
Added Component: Designator=Q3(TRS-SMD_IRF7480MTRPBF)
Added Component: Designator=Q4(TRS-SMD_IRF7480MTRPBF)
Added Component: Designator=Q5(TRS-SMD_IRF7480MTRPBF)
Added Component: Designator=Q6(TRS-SMD_IRF7480MTRPBF)
Added Component: Designator=Q7(TRS-SMD_IRF7480MTRPBF)
Added Component: Designator=R1(R0402)
Add component (AddParameter): Name = "W"; Value = ""; VariantName = "[No Variations]"
Added Component: Designator=R2(R0402)
Add component (AddParameter): Name = "BOM_Manufacturer"; Value = "UniOhm"; VariantName = "[No Variations]"
Add component (AddParameter): Name = "BOM_Manufacturer Part"; Value = "0603WAJ022JT5E"; VariantName = "[No Variations]"
Add component (AddParameter): Name = "BOM_Supplier"; Value = "LCSC"; VariantName = "[No Variations]"
Add component (AddParameter): Name = "BOM_Supplier Part"; Value = "C25226"; VariantName = "[No Variations]"
Add component (AddParameter): Name = "nameAlias"; Value = "Value(Ω)"; VariantName = "[No Variations]"
Add component (AddParameter): Name = "spicePre"; Value = "R"; VariantName = "[No Variations]"
Add component (AddParameter): Name = "spiceSymbolName"; Value = "Res_0603(1/10W)_EU"; VariantName = "[No Variations]"
Added Component: Designator=R3(R0402)
Add component (AddParameter): Name = "BOM_Manufacturer"; Value = "UniOhm"; VariantName = "[No Variations]"
Add component (AddParameter): Name = "BOM_Manufacturer Part"; Value = "0603WAJ022JT5E"; VariantName = "[No Variations]"
Add component (AddParameter): Name = "BOM_Supplier"; Value = "LCSC"; VariantName = "[No Variations]"
Add component (AddParameter): Name = "BOM_Supplier Part"; Value = "C25226"; VariantName = "[No Variations]"
Add component (AddParameter): Name = "nameAlias"; Value = "Value(Ω)"; VariantName = "[No Variations]"
Add component (AddParameter): Name = "spicePre"; Value = "R"; VariantName = "[No Variations]"
Add component (AddParameter): Name = "spiceSymbolName"; Value = "Res_0603(1/10W)_EU"; VariantName = "[No Variations]"
Added Component: Designator=R4(R0402)
Add component (AddParameter): Name = "BOM_Manufacturer"; Value = "UniOhm"; VariantName = "[No Variations]"
Add component (AddParameter): Name = "BOM_Manufacturer Part"; Value = "0603WAJ022JT5E"; VariantName = "[No Variations]"
Add component (AddParameter): Name = "BOM_Supplier"; Value = "LCSC"; VariantName = "[No Variations]"
Add component (AddParameter): Name = "BOM_Supplier Part"; Value = "C25226"; VariantName = "[No Variations]"
Add component (AddParameter): Name = "nameAlias"; Value = "Value(Ω)"; VariantName = "[No Variations]"
Add component (AddParameter): Name = "spicePre"; Value = "R"; VariantName = "[No Variations]"
Add component (AddParameter): Name = "spiceSymbolName"; Value = "Res_0603(1/10W)_EU"; VariantName = "[No Variations]"
Added Component: Designator=R5(R0402)
Add component (AddParameter): Name = "BOM_Manufacturer"; Value = "UniOhm"; VariantName = "[No Variations]"
Add component (AddParameter): Name = "BOM_Manufacturer Part"; Value = "0603WAJ022JT5E"; VariantName = "[No Variations]"
Add component (AddParameter): Name = "BOM_Supplier"; Value = "LCSC"; VariantName = "[No Variations]"
Add component (AddParameter): Name = "BOM_Supplier Part"; Value = "C25226"; VariantName = "[No Variations]"
Add component (AddParameter): Name = "nameAlias"; Value = "Value(Ω)"; VariantName = "[No Variations]"
Add component (AddParameter): Name = "spicePre"; Value = "R"; VariantName = "[No Variations]"
Add component (AddParameter): Name = "spiceSymbolName"; Value = "Res_0603(1/10W)_EU"; VariantName = "[No Variations]"
Added Component: Designator=R6(R0402)
Add component (AddParameter): Name = "BOM_Manufacturer"; Value = "UniOhm"; VariantName = "[No Variations]"
Add component (AddParameter): Name = "BOM_Manufacturer Part"; Value = "0603WAJ022JT5E"; VariantName = "[No Variations]"
Add component (AddParameter): Name = "BOM_Supplier"; Value = "LCSC"; VariantName = "[No Variations]"
Add component (AddParameter): Name = "BOM_Supplier Part"; Value = "C25226"; VariantName = "[No Variations]"
Add component (AddParameter): Name = "nameAlias"; Value = "Value(Ω)"; VariantName = "[No Variations]"
Add component (AddParameter): Name = "spicePre"; Value = "R"; VariantName = "[No Variations]"
Add component (AddParameter): Name = "spiceSymbolName"; Value = "Res_0603(1/10W)_EU"; VariantName = "[No Variations]"
Added Component: Designator=R7(R0402)
Add component (AddParameter): Name = "BOM_Manufacturer"; Value = "UniOhm"; VariantName = "[No Variations]"
Add component (AddParameter): Name = "BOM_Manufacturer Part"; Value = "0603WAJ022JT5E"; VariantName = "[No Variations]"
Add component (AddParameter): Name = "BOM_Supplier"; Value = "LCSC"; VariantName = "[No Variations]"
Add component (AddParameter): Name = "BOM_Supplier Part"; Value = "C25226"; VariantName = "[No Variations]"
Add component (AddParameter): Name = "nameAlias"; Value = "Value(Ω)"; VariantName = "[No Variations]"
Add component (AddParameter): Name = "spicePre"; Value = "R"; VariantName = "[No Variations]"
Add component (AddParameter): Name = "spiceSymbolName"; Value = "Res_0603(1/10W)_EU"; VariantName = "[No Variations]"
Added Component: Designator=R8(R0402)
Add component (AddParameter): Name = "BOM_Manufacturer"; Value = "UniOhm"; VariantName = "[No Variations]"
Add component (AddParameter): Name = "BOM_Manufacturer Part"; Value = "0603WAJ022JT5E"; VariantName = "[No Variations]"
Add component (AddParameter): Name = "BOM_Supplier"; Value = "LCSC"; VariantName = "[No Variations]"
Add component (AddParameter): Name = "BOM_Supplier Part"; Value = "C25226"; VariantName = "[No Variations]"
Add component (AddParameter): Name = "nameAlias"; Value = "Value(Ω)"; VariantName = "[No Variations]"
Add component (AddParameter): Name = "spicePre"; Value = "R"; VariantName = "[No Variations]"
Add component (AddParameter): Name = "spiceSymbolName"; Value = "Res_0603(1/10W)_EU"; VariantName = "[No Variations]"
Added Component: Designator=R9(R0402)
Add component (AddParameter): Name = "BOM_Manufacturer"; Value = "UniOhm"; VariantName = "[No Variations]"
Add component (AddParameter): Name = "BOM_Manufacturer Part"; Value = "0603WAJ022JT5E"; VariantName = "[No Variations]"
Add component (AddParameter): Name = "BOM_Supplier"; Value = "LCSC"; VariantName = "[No Variations]"
Add component (AddParameter): Name = "BOM_Supplier Part"; Value = "C25226"; VariantName = "[No Variations]"
Add component (AddParameter): Name = "nameAlias"; Value = "Value(Ω)"; VariantName = "[No Variations]"
Add component (AddParameter): Name = "spicePre"; Value = "R"; VariantName = "[No Variations]"
Add component (AddParameter): Name = "spiceSymbolName"; Value = "Res_0603(1/10W)_EU"; VariantName = "[No Variations]"
Added Component: Designator=R10(R0402)
Add component (AddParameter): Name = "W"; Value = ""; VariantName = "[No Variations]"
Added Component: Designator=R11(R0402)
Add component (AddParameter): Name = "BOM_Manufacturer"; Value = "UniOhm"; VariantName = "[No Variations]"
Add component (AddParameter): Name = "BOM_Manufacturer Part"; Value = "0603WAJ022JT5E"; VariantName = "[No Variations]"
Add component (AddParameter): Name = "BOM_Supplier"; Value = "LCSC"; VariantName = "[No Variations]"
Add component (AddParameter): Name = "BOM_Supplier Part"; Value = "C25226"; VariantName = "[No Variations]"
Add component (AddParameter): Name = "nameAlias"; Value = "Value(Ω)"; VariantName = "[No Variations]"
Add component (AddParameter): Name = "spicePre"; Value = "R"; VariantName = "[No Variations]"
Add component (AddParameter): Name = "spiceSymbolName"; Value = "Res_0603(1/10W)_EU"; VariantName = "[No Variations]"
Added Component: Designator=R12(R0402)
Add component (AddParameter): Name = "BOM_Manufacturer"; Value = "UniOhm"; VariantName = "[No Variations]"
Add component (AddParameter): Name = "BOM_Manufacturer Part"; Value = "0603WAJ022JT5E"; VariantName = "[No Variations]"
Add component (AddParameter): Name = "BOM_Supplier"; Value = "LCSC"; VariantName = "[No Variations]"
Add component (AddParameter): Name = "BOM_Supplier Part"; Value = "C25226"; VariantName = "[No Variations]"
Add component (AddParameter): Name = "nameAlias"; Value = "Value(Ω)"; VariantName = "[No Variations]"
Add component (AddParameter): Name = "spicePre"; Value = "R"; VariantName = "[No Variations]"
Add component (AddParameter): Name = "spiceSymbolName"; Value = "Res_0603(1/10W)_EU"; VariantName = "[No Variations]"
Added Component: Designator=R13(R0402)
Add component (AddParameter): Name = "BOM_Manufacturer"; Value = "UniOhm"; VariantName = "[No Variations]"
Add component (AddParameter): Name = "BOM_Manufacturer Part"; Value = "0603WAJ022JT5E"; VariantName = "[No Variations]"
Add component (AddParameter): Name = "BOM_Supplier"; Value = "LCSC"; VariantName = "[No Variations]"
Add component (AddParameter): Name = "BOM_Supplier Part"; Value = "C25226"; VariantName = "[No Variations]"
Add component (AddParameter): Name = "nameAlias"; Value = "Value(Ω)"; VariantName = "[No Variations]"
Add component (AddParameter): Name = "spicePre"; Value = "R"; VariantName = "[No Variations]"
Add component (AddParameter): Name = "spiceSymbolName"; Value = "Res_0603(1/10W)_EU"; VariantName = "[No Variations]"
Added Component: Designator=R14(R0402)
Add component (AddParameter): Name = "W"; Value = ""; VariantName = "[No Variations]"
Added Component: Designator=R15(R0402)
Add component (AddParameter): Name = "W"; Value = ""; VariantName = "[No Variations]"
Added Component: Designator=R16(R0402)
Add component (AddParameter): Name = "BOM_Manufacturer"; Value = "UniOhm"; VariantName = "[No Variations]"
Add component (AddParameter): Name = "BOM_Manufacturer Part"; Value = "0603WAJ022JT5E"; VariantName = "[No Variations]"
Add component (AddParameter): Name = "BOM_Supplier"; Value = "LCSC"; VariantName = "[No Variations]"
Add component (AddParameter): Name = "BOM_Supplier Part"; Value = "C25226"; VariantName = "[No Variations]"
Add component (AddParameter): Name = "nameAlias"; Value = "Value(Ω)"; VariantName = "[No Variations]"
Add component (AddParameter): Name = "spicePre"; Value = "R"; VariantName = "[No Variations]"
Add component (AddParameter): Name = "spiceSymbolName"; Value = "Res_0603(1/10W)_EU"; VariantName = "[No Variations]"
Added Component: Designator=R17(R0402)
Add component (AddParameter): Name = "BOM_Manufacturer"; Value = "UniOhm"; VariantName = "[No Variations]"
Add component (AddParameter): Name = "BOM_Manufacturer Part"; Value = "0603WAJ022JT5E"; VariantName = "[No Variations]"
Add component (AddParameter): Name = "BOM_Supplier"; Value = "LCSC"; VariantName = "[No Variations]"
Add component (AddParameter): Name = "BOM_Supplier Part"; Value = "C25226"; VariantName = "[No Variations]"
Add component (AddParameter): Name = "nameAlias"; Value = "Value(Ω)"; VariantName = "[No Variations]"
Add component (AddParameter): Name = "spicePre"; Value = "R"; VariantName = "[No Variations]"
Add component (AddParameter): Name = "spiceSymbolName"; Value = "Res_0603(1/10W)_EU"; VariantName = "[No Variations]"
Added Component: Designator=R18(R0402)
Add component (AddParameter): Name = "BOM_Manufacturer"; Value = "UniOhm"; VariantName = "[No Variations]"
Add component (AddParameter): Name = "BOM_Manufacturer Part"; Value = "0603WAJ022JT5E"; VariantName = "[No Variations]"
Add component (AddParameter): Name = "BOM_Supplier"; Value = "LCSC"; VariantName = "[No Variations]"
Add component (AddParameter): Name = "BOM_Supplier Part"; Value = "C25226"; VariantName = "[No Variations]"
Add component (AddParameter): Name = "nameAlias"; Value = "Value(Ω)"; VariantName = "[No Variations]"
Add component (AddParameter): Name = "spicePre"; Value = "R"; VariantName = "[No Variations]"
Add component (AddParameter): Name = "spiceSymbolName"; Value = "Res_0603(1/10W)_EU"; VariantName = "[No Variations]"
Added Component: Designator=R19(R0402)
Add component (AddParameter): Name = "BOM_Manufacturer"; Value = "UniOhm"; VariantName = "[No Variations]"
Add component (AddParameter): Name = "BOM_Manufacturer Part"; Value = "0603WAJ022JT5E"; VariantName = "[No Variations]"
Add component (AddParameter): Name = "BOM_Supplier"; Value = "LCSC"; VariantName = "[No Variations]"
Add component (AddParameter): Name = "BOM_Supplier Part"; Value = "C25226"; VariantName = "[No Variations]"
Add component (AddParameter): Name = "nameAlias"; Value = "Value(Ω)"; VariantName = "[No Variations]"
Add component (AddParameter): Name = "spicePre"; Value = "R"; VariantName = "[No Variations]"
Add component (AddParameter): Name = "spiceSymbolName"; Value = "Res_0603(1/10W)_EU"; VariantName = "[No Variations]"
Added Component: Designator=R20(R0402)
Add component (AddParameter): Name = "BOM_Manufacturer"; Value = "UniOhm"; VariantName = "[No Variations]"
Add component (AddParameter): Name = "BOM_Manufacturer Part"; Value = "0603WAJ022JT5E"; VariantName = "[No Variations]"
Add component (AddParameter): Name = "BOM_Supplier"; Value = "LCSC"; VariantName = "[No Variations]"
Add component (AddParameter): Name = "BOM_Supplier Part"; Value = "C25226"; VariantName = "[No Variations]"
Add component (AddParameter): Name = "nameAlias"; Value = "Value(Ω)"; VariantName = "[No Variations]"
Add component (AddParameter): Name = "spicePre"; Value = "R"; VariantName = "[No Variations]"
Add component (AddParameter): Name = "spiceSymbolName"; Value = "Res_0603(1/10W)_EU"; VariantName = "[No Variations]"
Added Component: Designator=R21(R0402)
Add component (AddParameter): Name = "W"; Value = ""; VariantName = "[No Variations]"
Added Component: Designator=R22(R0402)
Add component (AddParameter): Name = "W"; Value = ""; VariantName = "[No Variations]"
Added Component: Designator=R23(R0402)
Add component (AddParameter): Name = "W"; Value = ""; VariantName = "[No Variations]"
Added Component: Designator=R24(R0402)
Add component (AddParameter): Name = "W"; Value = ""; VariantName = "[No Variations]"
Added Component: Designator=R25(R0612)
Add component (AddParameter): Name = "BOM_Manufacturer"; Value = "RALEC(旺诠)"; VariantName = "[No Variations]"
Add component (AddParameter): Name = "BOM_Manufacturer Part"; Value = "LR2512-23R0005J4"; VariantName = "[No Variations]"
Add component (AddParameter): Name = "BOM_Supplier"; Value = "LCSC"; VariantName = "[No Variations]"
Add component (AddParameter): Name = "BOM_Supplier Part"; Value = "C2681067"; VariantName = "[No Variations]"
Add component (AddParameter): Name = "Contributor"; Value = "LCSC"; VariantName = "[No Variations]"
Add component (AddParameter): Name = "nameAlias"; Value = "Resistance (Ohms)"; VariantName = "[No Variations]"
Add component (AddParameter): Name = "spicePre"; Value = "R"; VariantName = "[No Variations]"
Add component (AddParameter): Name = "spiceSymbolName"; Value = "LCSR2512FL500K9L"; VariantName = "[No Variations]"
Added Component: Designator=R26(R0612)
Add component (AddParameter): Name = "BOM_Manufacturer"; Value = "RALEC(旺诠)"; VariantName = "[No Variations]"
Add component (AddParameter): Name = "BOM_Manufacturer Part"; Value = "LR2512-23R0005J4"; VariantName = "[No Variations]"
Add component (AddParameter): Name = "BOM_Supplier"; Value = "LCSC"; VariantName = "[No Variations]"
Add component (AddParameter): Name = "BOM_Supplier Part"; Value = "C2681067"; VariantName = "[No Variations]"
Add component (AddParameter): Name = "Contributor"; Value = "LCSC"; VariantName = "[No Variations]"
Add component (AddParameter): Name = "nameAlias"; Value = "Resistance (Ohms)"; VariantName = "[No Variations]"
Add component (AddParameter): Name = "spicePre"; Value = "R"; VariantName = "[No Variations]"
Add component (AddParameter): Name = "spiceSymbolName"; Value = "LCSR2512FL500K9L"; VariantName = "[No Variations]"
Added Component: Designator=R27(R0612)
Add component (AddParameter): Name = "BOM_Manufacturer"; Value = "RALEC(旺诠)"; VariantName = "[No Variations]"
Add component (AddParameter): Name = "BOM_Manufacturer Part"; Value = "LR2512-23R0005J4"; VariantName = "[No Variations]"
Add component (AddParameter): Name = "BOM_Supplier"; Value = "LCSC"; VariantName = "[No Variations]"
Add component (AddParameter): Name = "BOM_Supplier Part"; Value = "C2681067"; VariantName = "[No Variations]"
Add component (AddParameter): Name = "Contributor"; Value = "LCSC"; VariantName = "[No Variations]"
Add component (AddParameter): Name = "nameAlias"; Value = "Resistance (Ohms)"; VariantName = "[No Variations]"
Add component (AddParameter): Name = "spicePre"; Value = "R"; VariantName = "[No Variations]"
Add component (AddParameter): Name = "spiceSymbolName"; Value = "LCSR2512FL500K9L"; VariantName = "[No Variations]"
Added Component: Designator=R28(R0402)
Add component (AddParameter): Name = "W"; Value = ""; VariantName = "[No Variations]"
Added Component: Designator=R29(R0402)
Add component (AddParameter): Name = "W"; Value = ""; VariantName = "[No Variations]"
Added Component: Designator=S1(KEY_SMD)
Added Component: Designator=U1(SOIC-8_L4.9-W3.9-P1.27-LS6.0-BL)
Add component (AddParameter): Name = "Add into BOM"; Value = "yes"; VariantName = "[No Variations]"
Add component (AddParameter): Name = "Convert to PCB"; Value = "yes"; VariantName = "[No Variations]"
Add component (AddParameter): Name = "Datasheet"; Value = "https://www.ti.com/cn/lit/gpn/sn65hvd1050"; VariantName = "[No Variations]"
Add component (AddParameter): Name = "Device"; Value = "SN65HVD1050DR"; VariantName = "[No Variations]"
Add component (AddParameter): Name = "JLCPCB Part Class"; Value = "Extended Part"; VariantName = "[No Variations]"
Add component (AddParameter): Name = "LCSC Part Name"; Value = "4.5V~5.5V"; VariantName = "[No Variations]"
Add component (AddParameter): Name = "Manufacturer"; Value = "TI(德州仪器)"; VariantName = "[No Variations]"
Add component (AddParameter): Name = "Manufacturer Part"; Value = "SN65HVD1050DR"; VariantName = "[No Variations]"
Add component (AddParameter): Name = "Name"; Value = "SN65HVD1050DR"; VariantName = "[No Variations]"
Add component (AddParameter): Name = "Operating Temperature"; Value = "-40℃~+125℃"; VariantName = "[No Variations]"
Add component (AddParameter): Name = "Supplier"; Value = "LCSC"; VariantName = "[No Variations]"
Add component (AddParameter): Name = "Supplier Footprint"; Value = "SOIC-8"; VariantName = "[No Variations]"
Add component (AddParameter): Name = "Supplier Part"; Value = "C14019"; VariantName = "[No Variations]"
Add component (AddParameter): Name = "Supply Current"; Value = "50mA"; VariantName = "[No Variations]"
Add component (AddParameter): Name = "Supply Voltage"; Value = "4.5V~5.5V"; VariantName = "[No Variations]"
Add component (AddParameter): Name = "Symbol"; Value = "SN65HVD1050DR"; VariantName = "[No Variations]"
Add component (AddParameter): Name = "Type"; Value = "收发器"; VariantName = "[No Variations]"
Added Component: Designator=U2(QFN-40_L6.0-W6.0-P0.50-BL-EP4.5)
Added Component: Designator=U3(UFQFPN-32_L5.0-W5.0-P0.50-BL-EP3.5)
Added Component: Designator=U4(QFN-8 3x3)
Added Component: Designator=U5(SOT-23-5_L3.0-W1.7-P0.95-LS2.8-BR)
Added Pin To Net: NetName=DGND Pin=C1-1
Added Pin To Net: NetName=5V Pin=C1-2
Added Pin To Net: NetName=DGND Pin=C2-1
Added Pin To Net: NetName=+3.3V Pin=C2-2
Added Pin To Net: NetName=DGND Pin=C3-1
Added Pin To Net: NetName=NetC3_2 Pin=C3-2
Added Pin To Net: NetName=NetC4_1 Pin=C4-1
Added Pin To Net: NetName=NetC4_2 Pin=C4-2
Added Pin To Net: NetName=DGND Pin=C5-1
Added Pin To Net: NetName=+3.3V Pin=C5-2
Added Pin To Net: NetName=NetC6_1 Pin=C6-1
Added Pin To Net: NetName=NetC6_2 Pin=C6-2
Added Pin To Net: NetName=DGND Pin=C7-1
Added Pin To Net: NetName=NetC7_2 Pin=C7-2
Added Pin To Net: NetName=DGND Pin=C8-1
Added Pin To Net: NetName=+3.3V Pin=C8-2
Added Pin To Net: NetName=NetC9_1 Pin=C9-1
Added Pin To Net: NetName=NetC9_2 Pin=C9-2
Added Pin To Net: NetName=M0_SNA Pin=C10-1
Added Pin To Net: NetName=VCC Pin=C10-2
Added Pin To Net: NetName=M0_SNA Pin=C11-1
Added Pin To Net: NetName=VCC Pin=C11-2
Added Pin To Net: NetName=M0_SNA Pin=C12-1
Added Pin To Net: NetName=VCC Pin=C12-2
Added Pin To Net: NetName=M0_SNA Pin=C13-1
Added Pin To Net: NetName=5V Pin=C13-2
Added Pin To Net: NetName=M0_SNA Pin=C14-1
Added Pin To Net: NetName=5V Pin=C14-2
Added Pin To Net: NetName=M0_SNA Pin=C15-1
Added Pin To Net: NetName=+3.3V Pin=C15-2
Added Pin To Net: NetName=M0_SNA Pin=C16-1
Added Pin To Net: NetName=+3.3V Pin=C16-2
Added Pin To Net: NetName=M0_SNA Pin=C17-1
Added Pin To Net: NetName=5V Pin=C17-2
Added Pin To Net: NetName=M0_SNA Pin=C18-1
Added Pin To Net: NetName=NetC18_2 Pin=C18-2
Added Pin To Net: NetName=+3.3V Pin=C19-1
Added Pin To Net: NetName=AGND Pin=C19-2
Added Pin To Net: NetName=M0_SNA Pin=C20-1
Added Pin To Net: NetName=VCC Pin=C20-2
Added Pin To Net: NetName=CAN_P Pin=CN1-1
Added Pin To Net: NetName=CAN_N Pin=CN1-2
Added Pin To Net: NetName=+3.3V Pin=CN2-1
Added Pin To Net: NetName=DGND Pin=CN2-2
Added Pin To Net: NetName=SWCLK Pin=CN2-3
Added Pin To Net: NetName=SWDIO Pin=CN2-4
Added Pin To Net: NetName=M0_SNA Pin=CN3-1
Added Pin To Net: NetName=VCC Pin=CN3-2
Added Pin To Net: NetName=M0_SH_C Pin=H1-1
Added Pin To Net: NetName=M0_SH_B Pin=H1-2
Added Pin To Net: NetName=M0_SH_A Pin=H1-3
Added Pin To Net: NetName=5V Pin=H2-1
Added Pin To Net: NetName=DGND Pin=H2-2
Added Pin To Net: NetName=SPI_NSS Pin=H2-3
Added Pin To Net: NetName=SPI_SCK Pin=H2-4
Added Pin To Net: NetName=SPI_MISO Pin=H2-5
Added Pin To Net: NetName=SPI_MOSI Pin=H2-6
Added Pin To Net: NetName=+3.3V Pin=L1-1
Added Pin To Net: NetName=NetC7_2 Pin=L1-2
Added Pin To Net: NetName=NetC9_2 Pin=L2-1
Added Pin To Net: NetName=5V Pin=L2-2
Added Pin To Net: NetName=NetL3_1 Pin=L3-1
Added Pin To Net: NetName=+3.3V Pin=L3-2
Added Pin To Net: NetName=NetLED1_1 Pin=LED1-1
Added Pin To Net: NetName=DGND Pin=LED1-2
Added Pin To Net: NetName=NetLED2_1 Pin=LED2-1
Added Pin To Net: NetName=DGND Pin=LED2-2
Added Pin To Net: NetName=State_LED Pin=Q1-1
Added Pin To Net: NetName=NetLED1_1 Pin=Q1-2
Added Pin To Net: NetName=NetQ1_3 Pin=Q1-3
Added Pin To Net: NetName=NetQ2_1 Pin=Q2-1
Added Pin To Net: NetName=M0_SH_A Pin=Q2-2
Added Pin To Net: NetName=M0_SH_A Pin=Q2-3
Added Pin To Net: NetName=M0_SH_A Pin=Q2-4
Added Pin To Net: NetName=M0_SH_A Pin=Q2-5
Added Pin To Net: NetName=M0_SH_A Pin=Q2-6
Added Pin To Net: NetName=VCC Pin=Q2-7
Added Pin To Net: NetName=VCC Pin=Q2-8
Added Pin To Net: NetName=VCC Pin=Q2-9
Added Pin To Net: NetName=VCC Pin=Q2-10
Added Pin To Net: NetName=NetQ3_1 Pin=Q3-1
Added Pin To Net: NetName=M0_SH_B Pin=Q3-2
Added Pin To Net: NetName=M0_SH_B Pin=Q3-3
Added Pin To Net: NetName=M0_SH_B Pin=Q3-4
Added Pin To Net: NetName=M0_SH_B Pin=Q3-5
Added Pin To Net: NetName=M0_SH_B Pin=Q3-6
Added Pin To Net: NetName=VCC Pin=Q3-7
Added Pin To Net: NetName=VCC Pin=Q3-8
Added Pin To Net: NetName=VCC Pin=Q3-9
Added Pin To Net: NetName=VCC Pin=Q3-10
Added Pin To Net: NetName=NetQ4_1 Pin=Q4-1
Added Pin To Net: NetName=M0_SH_C Pin=Q4-2
Added Pin To Net: NetName=M0_SH_C Pin=Q4-3
Added Pin To Net: NetName=M0_SH_C Pin=Q4-4
Added Pin To Net: NetName=M0_SH_C Pin=Q4-5
Added Pin To Net: NetName=M0_SH_C Pin=Q4-6
Added Pin To Net: NetName=VCC Pin=Q4-7
Added Pin To Net: NetName=VCC Pin=Q4-8
Added Pin To Net: NetName=VCC Pin=Q4-9
Added Pin To Net: NetName=VCC Pin=Q4-10
Added Pin To Net: NetName=NetQ5_1 Pin=Q5-1
Added Pin To Net: NetName=M0_SPA Pin=Q5-2
Added Pin To Net: NetName=M0_SPA Pin=Q5-3
Added Pin To Net: NetName=M0_SPA Pin=Q5-4
Added Pin To Net: NetName=M0_SPA Pin=Q5-5
Added Pin To Net: NetName=M0_SPA Pin=Q5-6
Added Pin To Net: NetName=M0_SH_A Pin=Q5-7
Added Pin To Net: NetName=M0_SH_A Pin=Q5-8
Added Pin To Net: NetName=M0_SH_A Pin=Q5-9
Added Pin To Net: NetName=M0_SH_A Pin=Q5-10
Added Pin To Net: NetName=NetQ6_1 Pin=Q6-1
Added Pin To Net: NetName=M0_SPB Pin=Q6-2
Added Pin To Net: NetName=M0_SPB Pin=Q6-3
Added Pin To Net: NetName=M0_SPB Pin=Q6-4
Added Pin To Net: NetName=M0_SPB Pin=Q6-5
Added Pin To Net: NetName=M0_SPB Pin=Q6-6
Added Pin To Net: NetName=M0_SH_B Pin=Q6-7
Added Pin To Net: NetName=M0_SH_B Pin=Q6-8
Added Pin To Net: NetName=M0_SH_B Pin=Q6-9
Added Pin To Net: NetName=M0_SH_B Pin=Q6-10
Added Pin To Net: NetName=NetQ7_1 Pin=Q7-1
Added Pin To Net: NetName=M0_SPC Pin=Q7-2
Added Pin To Net: NetName=M0_SPC Pin=Q7-3
Added Pin To Net: NetName=M0_SPC Pin=Q7-4
Added Pin To Net: NetName=M0_SPC Pin=Q7-5
Added Pin To Net: NetName=M0_SPC Pin=Q7-6
Added Pin To Net: NetName=M0_SH_C Pin=Q7-7
Added Pin To Net: NetName=M0_SH_C Pin=Q7-8
Added Pin To Net: NetName=M0_SH_C Pin=Q7-9
Added Pin To Net: NetName=M0_SH_C Pin=Q7-10
Added Pin To Net: NetName=CAN_P Pin=R1-1
Added Pin To Net: NetName=CAN_N Pin=R1-2
Added Pin To Net: NetName=DGND Pin=R2-1
Added Pin To Net: NetName=NetR2_2 Pin=R2-2
Added Pin To Net: NetName=VCC_ADC Pin=R3-1
Added Pin To Net: NetName=VCC Pin=R3-2
Added Pin To Net: NetName=DGND Pin=R4-1
Added Pin To Net: NetName=VCC_ADC Pin=R4-2
Added Pin To Net: NetName=+3.3V Pin=R5-1
Added Pin To Net: NetName=nFAULT Pin=R5-2
Added Pin To Net: NetName=NetR6_1 Pin=R6-1
Added Pin To Net: NetName=VCC Pin=R6-2
Added Pin To Net: NetName=+3.3V Pin=R7-1
Added Pin To Net: NetName=NetC3_2 Pin=R7-2
Added Pin To Net: NetName=CAL Pin=R8-1
Added Pin To Net: NetName=AGND Pin=R8-2
Added Pin To Net: NetName=+3.3V Pin=R9-1
Added Pin To Net: NetName=NetLED2_1 Pin=R9-2
Added Pin To Net: NetName=NetQ1_3 Pin=R10-1
Added Pin To Net: NetName=+3.3V Pin=R10-2
Added Pin To Net: NetName=NetQ2_1 Pin=R11-1
Added Pin To Net: NetName=M0_GH_A Pin=R11-2
Added Pin To Net: NetName=NetQ3_1 Pin=R12-1
Added Pin To Net: NetName=M0_GH_B Pin=R12-2
Added Pin To Net: NetName=NetQ4_1 Pin=R13-1
Added Pin To Net: NetName=M0_GH_C Pin=R13-2
Added Pin To Net: NetName=+3.3V Pin=R14-1
Added Pin To Net: NetName=SWDIO Pin=R14-2
Added Pin To Net: NetName=SWCLK Pin=R15-1
Added Pin To Net: NetName=DGND Pin=R15-2
Added Pin To Net: NetName=AGND Pin=R16-1
Added Pin To Net: NetName=M0_SNA Pin=R16-2
Added Pin To Net: NetName=M0_SNA Pin=R17-1
Added Pin To Net: NetName=DGND Pin=R17-2
Added Pin To Net: NetName=NetQ5_1 Pin=R18-1
Added Pin To Net: NetName=M0_GL_A Pin=R18-2
Added Pin To Net: NetName=NetQ6_1 Pin=R19-1
Added Pin To Net: NetName=M0_GL_B Pin=R19-2
Added Pin To Net: NetName=NetQ7_1 Pin=R20-1
Added Pin To Net: NetName=M0_GL_C Pin=R20-2
Added Pin To Net: NetName=VCC Pin=R21-1
Added Pin To Net: NetName=NetR21_2 Pin=R21-2
Added Pin To Net: NetName=NetR22_1 Pin=R22-1
Added Pin To Net: NetName=5V Pin=R22-2
Added Pin To Net: NetName=NetR23_1 Pin=R23-1
Added Pin To Net: NetName=+3.3V Pin=R23-2
Added Pin To Net: NetName=NetR24_1 Pin=R24-1
Added Pin To Net: NetName=NetR22_1 Pin=R24-2
Added Pin To Net: NetName=M0_SNA Pin=R25-1
Added Pin To Net: NetName=M0_SPA Pin=R25-2
Added Pin To Net: NetName=M0_SNA Pin=R26-1
Added Pin To Net: NetName=M0_SPB Pin=R26-2
Added Pin To Net: NetName=M0_SNA Pin=R27-1
Added Pin To Net: NetName=M0_SPC Pin=R27-2
Added Pin To Net: NetName=M0_SNA Pin=R28-1
Added Pin To Net: NetName=NetR22_1 Pin=R28-2
Added Pin To Net: NetName=M0_SNA Pin=R29-1
Added Pin To Net: NetName=NetR23_1 Pin=R29-2
Added Pin To Net: NetName=DGND Pin=S1-1
Added Pin To Net: NetName=DGND Pin=S1-1
Added Pin To Net: NetName=NetC3_2 Pin=S1-2
Added Pin To Net: NetName=NetC3_2 Pin=S1-2
Added Pin To Net: NetName=FDCAN_TX Pin=U1-1
Added Pin To Net: NetName=DGND Pin=U1-2
Added Pin To Net: NetName=5V Pin=U1-3
Added Pin To Net: NetName=FDCAN_RX Pin=U1-4
Added Pin To Net: NetName=CAN_N Pin=U1-6
Added Pin To Net: NetName=CAN_P Pin=U1-7
Added Pin To Net: NetName=DGND Pin=U1-8
Added Pin To Net: NetName=NetC6_1 Pin=U2-1
Added Pin To Net: NetName=NetC6_2 Pin=U2-2
Added Pin To Net: NetName=NetC4_1 Pin=U2-3
Added Pin To Net: NetName=NetC4_2 Pin=U2-4
Added Pin To Net: NetName=VCC Pin=U2-5
Added Pin To Net: NetName=M0_GH_A Pin=U2-6
Added Pin To Net: NetName=M0_SH_A Pin=U2-7
Added Pin To Net: NetName=M0_GL_A Pin=U2-8
Added Pin To Net: NetName=M0_SPA Pin=U2-9
Added Pin To Net: NetName=M0_SNA Pin=U2-10
Added Pin To Net: NetName=M0_SNA Pin=U2-11
Added Pin To Net: NetName=M0_SPB Pin=U2-12
Added Pin To Net: NetName=M0_GL_B Pin=U2-13
Added Pin To Net: NetName=M0_SH_B Pin=U2-14
Added Pin To Net: NetName=M0_GH_B Pin=U2-15
Added Pin To Net: NetName=M0_GH_C Pin=U2-16
Added Pin To Net: NetName=M0_SH_C Pin=U2-17
Added Pin To Net: NetName=M0_GL_C Pin=U2-18
Added Pin To Net: NetName=M0_SPC Pin=U2-19
Added Pin To Net: NetName=M0_SNA Pin=U2-20
Added Pin To Net: NetName=M0_SOC Pin=U2-21
Added Pin To Net: NetName=M0_SOB Pin=U2-22
Added Pin To Net: NetName=M0_SOA Pin=U2-23
Added Pin To Net: NetName=+3.3V Pin=U2-24
Added Pin To Net: NetName=nFAULT Pin=U2-25
Added Pin To Net: NetName=AGND Pin=U2-26
Added Pin To Net: NetName=DVDD Pin=U2-27
Added Pin To Net: NetName=DVDD Pin=U2-28
Added Pin To Net: NetName=DVDD Pin=U2-29
Added Pin To Net: NetName=NetR6_1 Pin=U2-30
Added Pin To Net: NetName=CAL Pin=U2-31
Added Pin To Net: NetName=AGND Pin=U2-32
Added Pin To Net: NetName=DVDD Pin=U2-33
Added Pin To Net: NetName=M0_AH Pin=U2-34
Added Pin To Net: NetName=M0_AL Pin=U2-35
Added Pin To Net: NetName=M0_BH Pin=U2-36
Added Pin To Net: NetName=M0_BL Pin=U2-37
Added Pin To Net: NetName=M0_CH Pin=U2-38
Added Pin To Net: NetName=M0_CL Pin=U2-39
Added Pin To Net: NetName=M0_SNA Pin=U2-40
Added Pin To Net: NetName=M0_SNA Pin=U2-41
Added Pin To Net: NetName=+3.3V Pin=U3-1
Added Pin To Net: NetName=M0_CL Pin=U3-2
Added Pin To Net: NetName=NetC3_2 Pin=U3-4
Added Pin To Net: NetName=M0_SOA Pin=U3-5
Added Pin To Net: NetName=M0_SOB Pin=U3-6
Added Pin To Net: NetName=M0_SOC Pin=U3-7
Added Pin To Net: NetName=VCC_ADC Pin=U3-8
Added Pin To Net: NetName=CAL Pin=U3-9
Added Pin To Net: NetName=nFAULT Pin=U3-10
Added Pin To Net: NetName=State_LED Pin=U3-11
Added Pin To Net: NetName=M0_AL Pin=U3-12
Added Pin To Net: NetName=M0_BL Pin=U3-13
Added Pin To Net: NetName=DGND Pin=U3-14
Added Pin To Net: NetName=NetC7_2 Pin=U3-15
Added Pin To Net: NetName=DGND Pin=U3-16
Added Pin To Net: NetName=+3.3V Pin=U3-17
Added Pin To Net: NetName=M0_AH Pin=U3-18
Added Pin To Net: NetName=M0_BH Pin=U3-19
Added Pin To Net: NetName=M0_CH Pin=U3-20
Added Pin To Net: NetName=FDCAN_RX Pin=U3-21
Added Pin To Net: NetName=FDCAN_TX Pin=U3-22
Added Pin To Net: NetName=SWDIO Pin=U3-23
Added Pin To Net: NetName=SWCLK Pin=U3-24
Added Pin To Net: NetName=SPI_NSS Pin=U3-25
Added Pin To Net: NetName=SPI_SCK Pin=U3-26
Added Pin To Net: NetName=SPI_MISO Pin=U3-27
Added Pin To Net: NetName=SPI_MOSI Pin=U3-28
Added Pin To Net: NetName=NetR2_2 Pin=U3-31
Added Pin To Net: NetName=DGND Pin=U3-32
Added Pin To Net: NetName=DGND Pin=U3-33
Added Pin To Net: NetName=NetR24_1 Pin=U4-1
Added Pin To Net: NetName=NetC18_2 Pin=U4-2
Added Pin To Net: NetName=NetR21_2 Pin=U4-3
Added Pin To Net: NetName=NetC9_1 Pin=U4-4
Added Pin To Net: NetName=M0_SNA Pin=U4-5
Added Pin To Net: NetName=NetC9_2 Pin=U4-6
Added Pin To Net: NetName=VCC Pin=U4-7
Added Pin To Net: NetName=5V Pin=U5-1
Added Pin To Net: NetName=M0_SNA Pin=U5-2
Added Pin To Net: NetName=NetL3_1 Pin=U5-3
Added Pin To Net: NetName=5V Pin=U5-4
Added Pin To Net: NetName=NetR23_1 Pin=U5-5
Added Member To Class: ClassName=FOC_DRV8323 Member=Component C1 100nF
Added Member To Class: ClassName=FOC_DRV8323 Member=Component C2 100nF
Added Member To Class: ClassName=FOC_DRV8323 Member=Component C3 100nF
Added Member To Class: ClassName=FOC_DRV8323 Member=Component C4 1uF
Added Member To Class: ClassName=FOC_DRV8323 Member=Component C5 100nF
Added Member To Class: ClassName=FOC_DRV8323 Member=Component C6 47nF
Added Member To Class: ClassName=FOC_DRV8323 Member=Component C7 100nF
Added Member To Class: ClassName=FOC_DRV8323 Member=Component C8 100nF
Added Member To Class: ClassName=FOC_DRV8323 Member=Component C9 100nF
Added Member To Class: ClassName=FOC_DRV8323 Member=Component C10 10uF
Added Member To Class: ClassName=FOC_DRV8323 Member=Component C11 10uF
Added Member To Class: ClassName=FOC_DRV8323 Member=Component C12 100nF
Added Member To Class: ClassName=FOC_DRV8323 Member=Component C13 10uF
Added Member To Class: ClassName=FOC_DRV8323 Member=Component C14 100nF
Added Member To Class: ClassName=FOC_DRV8323 Member=Component C15 10uF
Added Member To Class: ClassName=FOC_DRV8323 Member=Component C16 100nF
Added Member To Class: ClassName=FOC_DRV8323 Member=Component C17 1uF
Added Member To Class: ClassName=FOC_DRV8323 Member=Component C18 100nF
Added Member To Class: ClassName=FOC_DRV8323 Member=Component C19 100nF
Added Member To Class: ClassName=FOC_DRV8323 Member=Component C20 10uF
Added Member To Class: ClassName=FOC_DRV8323 Member=Component CN1 卧式CAN
Added Member To Class: ClassName=FOC_DRV8323 Member=Component CN2 卧式STLINK
Added Member To Class: ClassName=FOC_DRV8323 Member=Component CN3 XT30_1
Added Member To Class: ClassName=FOC_DRV8323 Member=Component H1 MR30-M
Added Member To Class: ClassName=FOC_DRV8323 Member=Component H2 卧式GH1.25 6PIN
Added Member To Class: ClassName=FOC_DRV8323 Member=Component L1 1008屏蔽电感
Added Member To Class: ClassName=FOC_DRV8323 Member=Component L2 1008屏蔽电感
Added Member To Class: ClassName=FOC_DRV8323 Member=Component L3 1008屏蔽电感
Added Member To Class: ClassName=FOC_DRV8323 Member=Component LED1 LED
Added Member To Class: ClassName=FOC_DRV8323 Member=Component LED2 LED
Added Member To Class: ClassName=FOC_DRV8323 Member=Component Q1 SS8050
Added Member To Class: ClassName=FOC_DRV8323 Member=Component Q2 IRF7480MTRPBF
Added Member To Class: ClassName=FOC_DRV8323 Member=Component Q3 IRF7480MTRPBF
Added Member To Class: ClassName=FOC_DRV8323 Member=Component Q4 IRF7480MTRPBF
Added Member To Class: ClassName=FOC_DRV8323 Member=Component Q5 IRF7480MTRPBF
Added Member To Class: ClassName=FOC_DRV8323 Member=Component Q6 IRF7480MTRPBF
Added Member To Class: ClassName=FOC_DRV8323 Member=Component Q7 IRF7480MTRPBF
Added Member To Class: ClassName=FOC_DRV8323 Member=Component R1 120Ω
Added Member To Class: ClassName=FOC_DRV8323 Member=Component R2 10K
Added Member To Class: ClassName=FOC_DRV8323 Member=Component R3 10K
Added Member To Class: ClassName=FOC_DRV8323 Member=Component R4 1K
Added Member To Class: ClassName=FOC_DRV8323 Member=Component R5 200k
Added Member To Class: ClassName=FOC_DRV8323 Member=Component R6 200k
Added Member To Class: ClassName=FOC_DRV8323 Member=Component R7 10K
Added Member To Class: ClassName=FOC_DRV8323 Member=Component R8 200k
Added Member To Class: ClassName=FOC_DRV8323 Member=Component R9 2K
Added Member To Class: ClassName=FOC_DRV8323 Member=Component R10 2KΩ
Added Member To Class: ClassName=FOC_DRV8323 Member=Component R11 2.2R
Added Member To Class: ClassName=FOC_DRV8323 Member=Component R12 2.2R
Added Member To Class: ClassName=FOC_DRV8323 Member=Component R13 2.2R
Added Member To Class: ClassName=FOC_DRV8323 Member=Component R14 10KΩ
Added Member To Class: ClassName=FOC_DRV8323 Member=Component R15 10KΩ
Added Member To Class: ClassName=FOC_DRV8323 Member=Component R16 0
Added Member To Class: ClassName=FOC_DRV8323 Member=Component R17 0
Added Member To Class: ClassName=FOC_DRV8323 Member=Component R18 2.2R
Added Member To Class: ClassName=FOC_DRV8323 Member=Component R19 2.2R
Added Member To Class: ClassName=FOC_DRV8323 Member=Component R20 2.2R
Added Member To Class: ClassName=FOC_DRV8323 Member=Component R21 10KΩ
Added Member To Class: ClassName=FOC_DRV8323 Member=Component R22 43KΩ
Added Member To Class: ClassName=FOC_DRV8323 Member=Component R23 232KΩ
Added Member To Class: ClassName=FOC_DRV8323 Member=Component R24 51KΩ
Added Member To Class: ClassName=FOC_DRV8323 Member=Component R25 0.001
Added Member To Class: ClassName=FOC_DRV8323 Member=Component R26 0.001
Added Member To Class: ClassName=FOC_DRV8323 Member=Component R27 0.001
Added Member To Class: ClassName=FOC_DRV8323 Member=Component R28 8.2KΩ
Added Member To Class: ClassName=FOC_DRV8323 Member=Component R29 51KΩ
Added Member To Class: ClassName=FOC_DRV8323 Member=Component S1 SW
Added Member To Class: ClassName=FOC_DRV8323 Member=Component U1 SN65HVD1050DR
Added Member To Class: ClassName=FOC_DRV8323 Member=Component U2 DRV8323HRTAR
Added Member To Class: ClassName=FOC_DRV8323 Member=Component U3 STM32G431KBU3
Added Member To Class: ClassName=FOC_DRV8323 Member=Component U4 MP9943
Added Member To Class: ClassName=FOC_DRV8323 Member=Component U5 TLV62569DBVR
